{"/Users/lyon/App/BookmarkHero/src/core/actions/delete.action.ts": {"path":"/Users/lyon/App/BookmarkHero/src/core/actions/delete.action.ts","statementMap":{"0":{"start":{"line":5,"column":14},"end":{"line":5,"column":null}},"1":{"start":{"line":6,"column":16},"end":{"line":6,"column":null}},"2":{"start":{"line":13,"column":4},"end":{"line":58,"column":null}},"3":{"start":{"line":15,"column":6},"end":{"line":21,"column":null}},"4":{"start":{"line":16,"column":8},"end":{"line":16,"column":null}},"5":{"start":{"line":20,"column":8},"end":{"line":20,"column":null}},"6":{"start":{"line":21,"column":8},"end":{"line":21,"column":null}},"7":{"start":{"line":24,"column":6},"end":{"line":24,"column":null}},"8":{"start":{"line":24,"column":40},"end":{"line":24,"column":null}},"9":{"start":{"line":26,"column":19},"end":{"line":26,"column":null}},"10":{"start":{"line":28,"column":33},"end":{"line":37,"column":null}},"11":{"start":{"line":40,"column":6},"end":{"line":52,"column":null}},"12":{"start":{"line":41,"column":8},"end":{"line":41,"column":null}},"13":{"start":{"line":45,"column":28},"end":{"line":45,"column":null}},"14":{"start":{"line":46,"column":8},"end":{"line":50,"column":null}},"15":{"start":{"line":47,"column":10},"end":{"line":50,"column":null}},"16":{"start":{"line":52,"column":8},"end":{"line":52,"column":null}},"17":{"start":{"line":55,"column":6},"end":{"line":55,"column":null}},"18":{"start":{"line":57,"column":7},"end":{"line":57,"column":null}},"19":{"start":{"line":58,"column":7},"end":{"line":58,"column":null}},"20":{"start":{"line":66,"column":4},"end":{"line":67,"column":null}},"21":{"start":{"line":67,"column":7},"end":{"line":67,"column":null}},"22":{"start":{"line":70,"column":4},"end":{"line":81,"column":null}},"23":{"start":{"line":72,"column":6},"end":{"line":77,"column":null}},"24":{"start":{"line":80,"column":6},"end":{"line":80,"column":null}},"25":{"start":{"line":81,"column":6},"end":{"line":81,"column":null}}},"fnMap":{"0":{"name":"(anonymous_0)","decl":{"start":{"line":12,"column":8},"end":{"line":12,"column":16}},"loc":{"start":{"line":12,"column":64},"end":{"line":58,"column":null}},"line":12},"1":{"name":"(anonymous_1)","decl":{"start":{"line":65,"column":8},"end":{"line":65,"column":13}},"loc":{"start":{"line":65,"column":48},"end":{"line":81,"column":null}},"line":65}},"branchMap":{"0":{"loc":{"start":{"line":24,"column":6},"end":{"line":24,"column":null}},"type":"if","locations":[{"start":{"line":24,"column":6},"end":{"line":24,"column":null}},{"start":{},"end":{}}],"line":24},"1":{"loc":{"start":{"line":24,"column":10},"end":{"line":24,"column":40}},"type":"binary-expr","locations":[{"start":{"line":24,"column":10},"end":{"line":24,"column":20}},{"start":{"line":24,"column":20},"end":{"line":24,"column":40}}],"line":24},"2":{"loc":{"start":{"line":40,"column":6},"end":{"line":52,"column":null}},"type":"if","locations":[{"start":{"line":40,"column":6},"end":{"line":52,"column":null}},{"start":{"line":42,"column":13},"end":{"line":52,"column":null}}],"line":40},"3":{"loc":{"start":{"line":45,"column":28},"end":{"line":45,"column":null}},"type":"binary-expr","locations":[{"start":{"line":45,"column":28},"end":{"line":45,"column":45}},{"start":{"line":45,"column":45},"end":{"line":45,"column":null}}],"line":45},"4":{"loc":{"start":{"line":46,"column":8},"end":{"line":50,"column":null}},"type":"if","locations":[{"start":{"line":46,"column":8},"end":{"line":50,"column":null}},{"start":{},"end":{}}],"line":46},"5":{"loc":{"start":{"line":66,"column":4},"end":{"line":67,"column":null}},"type":"if","locations":[{"start":{"line":66,"column":4},"end":{"line":67,"column":null}},{"start":{},"end":{}}],"line":66}},"s":{"0":5,"1":5,"2":5,"3":5,"4":5,"5":1,"6":1,"7":4,"8":0,"9":4,"10":4,"11":4,"12":2,"13":2,"14":2,"15":1,"16":1,"17":3,"18":1,"19":1,"20":1,"21":0,"22":1,"23":1,"24":0,"25":0},"f":{"0":5,"1":1},"b":{"0":[0,4],"1":[4,4],"2":[2,2],"3":[2,2],"4":[1,1],"5":[0,1]},"meta":{"lastBranch":6,"lastFunction":2,"lastStatement":26,"seen":{"s:5:14:5:Infinity":0,"s:6:16:6:Infinity":1,"f:12:8:12:16":0,"s:13:4:58:Infinity":2,"s:15:6:21:Infinity":3,"s:16:8:16:Infinity":4,"s:20:8:20:Infinity":5,"s:21:8:21:Infinity":6,"b:24:6:24:Infinity:undefined:undefined:undefined:undefined":0,"s:24:6:24:Infinity":7,"b:24:10:24:20:24:20:24:40":1,"s:24:40:24:Infinity":8,"s:26:19:26:Infinity":9,"s:28:33:37:Infinity":10,"b:40:6:52:Infinity:42:13:52:Infinity":2,"s:40:6:52:Infinity":11,"s:41:8:41:Infinity":12,"s:45:28:45:Infinity":13,"b:45:28:45:45:45:45:45:Infinity":3,"b:46:8:50:Infinity:undefined:undefined:undefined:undefined":4,"s:46:8:50:Infinity":14,"s:47:10:50:Infinity":15,"s:52:8:52:Infinity":16,"s:55:6:55:Infinity":17,"s:57:7:57:Infinity":18,"s:58:7:58:Infinity":19,"f:65:8:65:13":1,"b:66:4:67:Infinity:undefined:undefined:undefined:undefined":5,"s:66:4:67:Infinity":20,"s:67:7:67:Infinity":21,"s:70:4:81:Infinity":22,"s:72:6:77:Infinity":23,"s:80:6:80:Infinity":24,"s:81:6:81:Infinity":25}}}
,"/Users/lyon/App/BookmarkHero/src/core/actions/index.ts": {"path":"/Users/lyon/App/BookmarkHero/src/core/actions/index.ts","statementMap":{"0":{"start":{"line":11,"column":29},"end":{"line":12,"column":null}},"1":{"start":{"line":14,"column":2},"end":{"line":14,"column":null}},"2":{"start":{"line":14,"column":27},"end":{"line":14,"column":45}}},"fnMap":{"0":{"name":"getAction","decl":{"start":{"line":10,"column":16},"end":{"line":10,"column":26}},"loc":{"start":{"line":10,"column":65},"end":{"line":14,"column":null}},"line":10},"1":{"name":"(anonymous_1)","decl":{"start":{"line":14,"column":17},"end":{"line":14,"column":22}},"loc":{"start":{"line":14,"column":27},"end":{"line":14,"column":45}},"line":14}},"branchMap":{},"s":{"0":0,"1":0,"2":0},"f":{"0":0,"1":0},"b":{},"meta":{"lastBranch":0,"lastFunction":2,"lastStatement":3,"seen":{"f:10:16:10:26":0,"s:11:29:12:Infinity":0,"s:14:2:14:Infinity":1,"f:14:17:14:22":1,"s:14:27:14:45":2}}}
,"/Users/lyon/App/BookmarkHero/src/core/actions/move.action.ts": {"path":"/Users/lyon/App/BookmarkHero/src/core/actions/move.action.ts","statementMap":{"0":{"start":{"line":5,"column":7},"end":{"line":5,"column":null}},"1":{"start":{"line":6,"column":9},"end":{"line":6,"column":null}},"2":{"start":{"line":9,"column":36},"end":{"line":9,"column":null}},"3":{"start":{"line":11,"column":4},"end":{"line":12,"column":null}},"4":{"start":{"line":12,"column":6},"end":{"line":12,"column":null}},"5":{"start":{"line":15,"column":26},"end":{"line":15,"column":55}},"6":{"start":{"line":16,"column":20},"end":{"line":16,"column":null}},"7":{"start":{"line":17,"column":4},"end":{"line":17,"column":null}},"8":{"start":{"line":17,"column":18},"end":{"line":17,"column":null}},"9":{"start":{"line":19,"column":21},"end":{"line":19,"column":null}},"10":{"start":{"line":22,"column":26},"end":{"line":25,"column":null}},"11":{"start":{"line":28,"column":4},"end":{"line":28,"column":null}},"12":{"start":{"line":30,"column":4},"end":{"line":34,"column":null}},"13":{"start":{"line":38,"column":4},"end":{"line":38,"column":null}},"14":{"start":{"line":38,"column":42},"end":{"line":38,"column":null}},"15":{"start":{"line":39,"column":4},"end":{"line":46,"column":null}},"16":{"start":{"line":40,"column":6},"end":{"line":43,"column":null}},"17":{"start":{"line":45,"column":6},"end":{"line":45,"column":null}},"18":{"start":{"line":46,"column":6},"end":{"line":46,"column":null}}},"fnMap":{"0":{"name":"(anonymous_0)","decl":{"start":{"line":8,"column":8},"end":{"line":8,"column":16}},"loc":{"start":{"line":8,"column":64},"end":{"line":34,"column":null}},"line":8},"1":{"name":"(anonymous_1)","decl":{"start":{"line":37,"column":8},"end":{"line":37,"column":13}},"loc":{"start":{"line":37,"column":48},"end":{"line":46,"column":null}},"line":37}},"branchMap":{"0":{"loc":{"start":{"line":11,"column":4},"end":{"line":12,"column":null}},"type":"if","locations":[{"start":{"line":11,"column":4},"end":{"line":12,"column":null}},{"start":{},"end":{}}],"line":11},"1":{"loc":{"start":{"line":17,"column":4},"end":{"line":17,"column":null}},"type":"if","locations":[{"start":{"line":17,"column":4},"end":{"line":17,"column":null}},{"start":{},"end":{}}],"line":17},"2":{"loc":{"start":{"line":38,"column":4},"end":{"line":38,"column":null}},"type":"if","locations":[{"start":{"line":38,"column":4},"end":{"line":38,"column":null}},{"start":{},"end":{}}],"line":38}},"s":{"0":0,"1":0,"2":0,"3":0,"4":0,"5":0,"6":0,"7":0,"8":0,"9":0,"10":0,"11":0,"12":0,"13":0,"14":0,"15":0,"16":0,"17":0,"18":0},"f":{"0":0,"1":0},"b":{"0":[0,0],"1":[0,0],"2":[0,0]},"meta":{"lastBranch":3,"lastFunction":2,"lastStatement":19,"seen":{"s:5:7:5:Infinity":0,"s:6:9:6:Infinity":1,"f:8:8:8:16":0,"s:9:36:9:Infinity":2,"b:11:4:12:Infinity:undefined:undefined:undefined:undefined":0,"s:11:4:12:Infinity":3,"s:12:6:12:Infinity":4,"s:15:26:15:55":5,"s:16:20:16:Infinity":6,"b:17:4:17:Infinity:undefined:undefined:undefined:undefined":1,"s:17:4:17:Infinity":7,"s:17:18:17:Infinity":8,"s:19:21:19:Infinity":9,"s:22:26:25:Infinity":10,"s:28:4:28:Infinity":11,"s:30:4:34:Infinity":12,"f:37:8:37:13":1,"b:38:4:38:Infinity:undefined:undefined:undefined:undefined":2,"s:38:4:38:Infinity":13,"s:38:42:38:Infinity":14,"s:39:4:46:Infinity":15,"s:40:6:43:Infinity":16,"s:45:6:45:Infinity":17,"s:46:6:46:Infinity":18}}}
,"/Users/lyon/App/BookmarkHero/src/core/analyzers/index.ts": {"path":"/Users/lyon/App/BookmarkHero/src/core/analyzers/index.ts","statementMap":{},"fnMap":{},"branchMap":{},"s":{},"f":{},"b":{},"meta":{"lastBranch":0,"lastFunction":0,"lastStatement":0,"seen":{}}}
,"/Users/lyon/App/BookmarkHero/src/core/analyzers/stats.analyzer.ts": {"path":"/Users/lyon/App/BookmarkHero/src/core/analyzers/stats.analyzer.ts","statementMap":{"0":{"start":{"line":13,"column":25},"end":{"line":13,"column":null}},"1":{"start":{"line":14,"column":23},"end":{"line":14,"column":null}},"2":{"start":{"line":15,"column":20},"end":{"line":15,"column":45}},"3":{"start":{"line":16,"column":16},"end":{"line":16,"column":26}},"4":{"start":{"line":17,"column":25},"end":{"line":17,"column":null}},"5":{"start":{"line":18,"column":29},"end":{"line":18,"column":null}},"6":{"start":{"line":20,"column":10},"end":{"line":43,"column":null}},"7":{"start":{"line":21,"column":6},"end":{"line":43,"column":null}},"8":{"start":{"line":22,"column":8},"end":{"line":39,"column":null}},"9":{"start":{"line":23,"column":10},"end":{"line":23,"column":null}},"10":{"start":{"line":24,"column":10},"end":{"line":25,"column":null}},"11":{"start":{"line":25,"column":12},"end":{"line":25,"column":null}},"12":{"start":{"line":28,"column":10},"end":{"line":35,"column":null}},"13":{"start":{"line":30,"column":24},"end":{"line":30,"column":41}},"14":{"start":{"line":31,"column":29},"end":{"line":31,"column":77}},"15":{"start":{"line":32,"column":12},"end":{"line":33,"column":null}},"16":{"start":{"line":33,"column":14},"end":{"line":33,"column":null}},"17":{"start":{"line":38,"column":19},"end":{"line":39,"column":null}},"18":{"start":{"line":39,"column":10},"end":{"line":39,"column":null}},"19":{"start":{"line":42,"column":8},"end":{"line":43,"column":null}},"20":{"start":{"line":43,"column":10},"end":{"line":43,"column":null}},"21":{"start":{"line":48,"column":4},"end":{"line":48,"column":null}},"22":{"start":{"line":51,"column":23},"end":{"line":54,"column":52}},"23":{"start":{"line":52,"column":22},"end":{"line":52,"column":34}},"24":{"start":{"line":54,"column":33},"end":{"line":54,"column":52}},"25":{"start":{"line":56,"column":4},"end":{"line":62,"column":null}}},"fnMap":{"0":{"name":"(anonymous_0)","decl":{"start":{"line":12,"column":2},"end":{"line":12,"column":9}},"loc":{"start":{"line":12,"column":76},"end":{"line":62,"column":null}},"line":12},"1":{"name":"(anonymous_1)","decl":{"start":{"line":20,"column":10},"end":{"line":20,"column":22}},"loc":{"start":{"line":20,"column":72},"end":{"line":43,"column":null}},"line":20},"2":{"name":"(anonymous_2)","decl":{"start":{"line":52,"column":7},"end":{"line":52,"column":13}},"loc":{"start":{"line":52,"column":22},"end":{"line":52,"column":34}},"line":52},"3":{"name":"(anonymous_3)","decl":{"start":{"line":54,"column":7},"end":{"line":54,"column":12}},"loc":{"start":{"line":54,"column":33},"end":{"line":54,"column":52}},"line":54}},"branchMap":{"0":{"loc":{"start":{"line":22,"column":8},"end":{"line":39,"column":null}},"type":"if","locations":[{"start":{"line":22,"column":8},"end":{"line":39,"column":null}},{"start":{"line":38,"column":19},"end":{"line":39,"column":null}}],"line":22},"1":{"loc":{"start":{"line":24,"column":10},"end":{"line":25,"column":null}},"type":"if","locations":[{"start":{"line":24,"column":10},"end":{"line":25,"column":null}},{"start":{},"end":{}}],"line":24},"2":{"loc":{"start":{"line":24,"column":14},"end":{"line":24,"column":72}},"type":"binary-expr","locations":[{"start":{"line":24,"column":14},"end":{"line":24,"column":33}},{"start":{"line":24,"column":33},"end":{"line":24,"column":72}}],"line":24},"3":{"loc":{"start":{"line":32,"column":12},"end":{"line":33,"column":null}},"type":"if","locations":[{"start":{"line":32,"column":12},"end":{"line":33,"column":null}},{"start":{},"end":{}}],"line":32},"4":{"loc":{"start":{"line":33,"column":37},"end":{"line":33,"column":67}},"type":"binary-expr","locations":[{"start":{"line":33,"column":37},"end":{"line":33,"column":58}},{"start":{"line":33,"column":62},"end":{"line":33,"column":67}}],"line":33},"5":{"loc":{"start":{"line":38,"column":19},"end":{"line":39,"column":null}},"type":"if","locations":[{"start":{"line":38,"column":19},"end":{"line":39,"column":null}},{"start":{},"end":{}}],"line":38},"6":{"loc":{"start":{"line":42,"column":8},"end":{"line":43,"column":null}},"type":"if","locations":[{"start":{"line":42,"column":8},"end":{"line":43,"column":null}},{"start":{},"end":{}}],"line":42}},"s":{"0":6,"1":6,"2":6,"3":6,"4":6,"5":6,"6":6,"7":24,"8":43,"9":25,"10":25,"11":24,"12":25,"13":25,"14":25,"15":25,"16":25,"17":18,"18":13,"19":43,"20":18,"21":6,"22":6,"23":15,"24":15,"25":6},"f":{"0":6,"1":24,"2":15,"3":15},"b":{"0":[25,18],"1":[24,1],"2":[25,25],"3":[25,0],"4":[25,20],"5":[13,5],"6":[18,25]},"meta":{"lastBranch":7,"lastFunction":4,"lastStatement":26,"seen":{"f:12:2:12:9":0,"s:13:25:13:Infinity":0,"s:14:23:14:Infinity":1,"s:15:20:15:45":2,"s:16:16:16:26":3,"s:17:25:17:Infinity":4,"s:18:29:18:Infinity":5,"s:20:10:43:Infinity":6,"f:20:10:20:22":1,"s:21:6:43:Infinity":7,"b:22:8:39:Infinity:38:19:39:Infinity":0,"s:22:8:39:Infinity":8,"s:23:10:23:Infinity":9,"b:24:10:25:Infinity:undefined:undefined:undefined:undefined":1,"s:24:10:25:Infinity":10,"b:24:14:24:33:24:33:24:72":2,"s:25:12:25:Infinity":11,"s:28:10:35:Infinity":12,"s:30:24:30:41":13,"s:31:29:31:77":14,"b:32:12:33:Infinity:undefined:undefined:undefined:undefined":3,"s:32:12:33:Infinity":15,"s:33:14:33:Infinity":16,"b:33:37:33:58:33:62:33:67":4,"b:38:19:39:Infinity:undefined:undefined:undefined:undefined":5,"s:38:19:39:Infinity":17,"s:39:10:39:Infinity":18,"b:42:8:43:Infinity:undefined:undefined:undefined:undefined":6,"s:42:8:43:Infinity":19,"s:43:10:43:Infinity":20,"s:48:4:48:Infinity":21,"s:51:23:54:52":22,"f:52:7:52:13":2,"s:52:22:52:34":23,"f:54:7:54:12":3,"s:54:33:54:52":24,"s:56:4:62:Infinity":25}}}
,"/Users/lyon/App/BookmarkHero/src/core/providers/gemini-cloud.provider.ts": {"path":"/Users/lyon/App/BookmarkHero/src/core/providers/gemini-cloud.provider.ts","statementMap":{"0":{"start":{"line":6,"column":7},"end":{"line":6,"column":null}},"1":{"start":{"line":7,"column":9},"end":{"line":7,"column":null}},"2":{"start":{"line":10,"column":42},"end":{"line":10,"column":69}},"3":{"start":{"line":11,"column":4},"end":{"line":12,"column":null}},"4":{"start":{"line":12,"column":6},"end":{"line":12,"column":null}},"5":{"start":{"line":15,"column":4},"end":{"line":29,"column":null}},"6":{"start":{"line":16,"column":20},"end":{"line":16,"column":56}},"7":{"start":{"line":17,"column":20},"end":{"line":17,"column":98}},"8":{"start":{"line":19,"column":6},"end":{"line":22,"column":null}},"9":{"start":{"line":23,"column":6},"end":{"line":23,"column":null}},"10":{"start":{"line":25,"column":22},"end":{"line":27,"column":null}},"11":{"start":{"line":28,"column":6},"end":{"line":28,"column":null}},"12":{"start":{"line":29,"column":6},"end":{"line":29,"column":null}},"13":{"start":{"line":37,"column":42},"end":{"line":37,"column":69}},"14":{"start":{"line":38,"column":4},"end":{"line":39,"column":null}},"15":{"start":{"line":39,"column":6},"end":{"line":39,"column":null}},"16":{"start":{"line":42,"column":18},"end":{"line":42,"column":54}},"17":{"start":{"line":43,"column":18},"end":{"line":43,"column":96}},"18":{"start":{"line":45,"column":19},"end":{"line":45,"column":62}},"19":{"start":{"line":47,"column":4},"end":{"line":70,"column":null}},"20":{"start":{"line":48,"column":21},"end":{"line":53,"column":8}},"21":{"start":{"line":55,"column":27},"end":{"line":55,"column":49}},"22":{"start":{"line":56,"column":21},"end":{"line":56,"column":45}},"23":{"start":{"line":58,"column":6},"end":{"line":58,"column":null}},"24":{"start":{"line":60,"column":26},"end":{"line":61,"column":null}},"25":{"start":{"line":62,"column":6},"end":{"line":64,"column":null}},"26":{"start":{"line":63,"column":8},"end":{"line":63,"column":null}},"27":{"start":{"line":64,"column":8},"end":{"line":64,"column":null}},"28":{"start":{"line":66,"column":22},"end":{"line":68,"column":null}},"29":{"start":{"line":69,"column":6},"end":{"line":69,"column":null}},"30":{"start":{"line":70,"column":6},"end":{"line":70,"column":null}},"31":{"start":{"line":78,"column":20},"end":{"line":78,"column":59}},"32":{"start":{"line":79,"column":4},"end":{"line":87,"column":null}},"33":{"start":{"line":80,"column":6},"end":{"line":87,"column":null}},"34":{"start":{"line":81,"column":20},"end":{"line":81,"column":59}},"35":{"start":{"line":82,"column":8},"end":{"line":82,"column":null}},"36":{"start":{"line":84,"column":24},"end":{"line":86,"column":null}},"37":{"start":{"line":87,"column":8},"end":{"line":87,"column":null}},"38":{"start":{"line":90,"column":4},"end":{"line":90,"column":null}},"39":{"start":{"line":97,"column":33},"end":{"line":97,"column":60}},"40":{"start":{"line":98,"column":26},"end":{"line":98,"column":70}},"41":{"start":{"line":98,"column":45},"end":{"line":98,"column":59}},"42":{"start":{"line":99,"column":28},"end":{"line":101,"column":null}},"43":{"start":{"line":104,"column":28},"end":{"line":106,"column":null}},"44":{"start":{"line":109,"column":31},"end":{"line":111,"column":null}},"45":{"start":{"line":114,"column":24},"end":{"line":124,"column":null}},"46":{"start":{"line":134,"column":24},"end":{"line":141,"column":null}},"47":{"start":{"line":148,"column":4},"end":{"line":176,"column":null}},"48":{"start":{"line":187,"column":19},"end":{"line":187,"column":null}},"49":{"start":{"line":188,"column":33},"end":{"line":188,"column":null}},"50":{"start":{"line":191,"column":26},"end":{"line":191,"column":77}},"51":{"start":{"line":191,"column":46},"end":{"line":191,"column":77}},"52":{"start":{"line":195,"column":4},"end":{"line":199,"column":null}},"53":{"start":{"line":196,"column":28},"end":{"line":196,"column":71}},"54":{"start":{"line":196,"column":48},"end":{"line":196,"column":71}},"55":{"start":{"line":197,"column":6},"end":{"line":197,"column":null}},"56":{"start":{"line":199,"column":6},"end":{"line":199,"column":null}},"57":{"start":{"line":202,"column":4},"end":{"line":222,"column":null}},"58":{"start":{"line":211,"column":33},"end":{"line":211,"column":73}},"59":{"start":{"line":211,"column":53},"end":{"line":211,"column":73}},"60":{"start":{"line":212,"column":14},"end":{"line":218,"column":null}},"61":{"start":{"line":220,"column":36},"end":{"line":220,"column":47}}},"fnMap":{"0":{"name":"(anonymous_0)","decl":{"start":{"line":9,"column":8},"end":{"line":9,"column":40}},"loc":{"start":{"line":9,"column":40},"end":{"line":29,"column":null}},"line":9},"1":{"name":"(anonymous_1)","decl":{"start":{"line":33,"column":8},"end":{"line":33,"column":null}},"loc":{"start":{"line":36,"column":35},"end":{"line":70,"column":null}},"line":36},"2":{"name":"(anonymous_2)","decl":{"start":{"line":74,"column":8},"end":{"line":74,"column":null}},"loc":{"start":{"line":77,"column":48},"end":{"line":90,"column":null}},"line":77},"3":{"name":"(anonymous_3)","decl":{"start":{"line":93,"column":2},"end":{"line":93,"column":10}},"loc":{"start":{"line":96,"column":12},"end":{"line":176,"column":null}},"line":96},"4":{"name":"(anonymous_4)","decl":{"start":{"line":98,"column":34},"end":{"line":98,"column":39}},"loc":{"start":{"line":98,"column":45},"end":{"line":98,"column":59}},"line":98},"5":{"name":"(anonymous_5)","decl":{"start":{"line":182,"column":2},"end":{"line":182,"column":10}},"loc":{"start":{"line":186,"column":26},"end":{"line":222,"column":null}},"line":186},"6":{"name":"(anonymous_6)","decl":{"start":{"line":191,"column":34},"end":{"line":191,"column":40}},"loc":{"start":{"line":191,"column":46},"end":{"line":191,"column":77}},"line":191},"7":{"name":"(anonymous_7)","decl":{"start":{"line":196,"column":36},"end":{"line":196,"column":42}},"loc":{"start":{"line":196,"column":48},"end":{"line":196,"column":71}},"line":196},"8":{"name":"(anonymous_8)","decl":{"start":{"line":210,"column":13},"end":{"line":210,"column":18}},"loc":{"start":{"line":210,"column":51},"end":{"line":219,"column":null}},"line":210},"9":{"name":"(anonymous_9)","decl":{"start":{"line":211,"column":41},"end":{"line":211,"column":47}},"loc":{"start":{"line":211,"column":53},"end":{"line":211,"column":73}},"line":211},"10":{"name":"(anonymous_10)","decl":{"start":{"line":220,"column":13},"end":{"line":220,"column":21}},"loc":{"start":{"line":220,"column":36},"end":{"line":220,"column":47}},"line":220}},"branchMap":{"0":{"loc":{"start":{"line":11,"column":4},"end":{"line":12,"column":null}},"type":"if","locations":[{"start":{"line":11,"column":4},"end":{"line":12,"column":null}},{"start":{},"end":{}}],"line":11},"1":{"loc":{"start":{"line":17,"column":54},"end":{"line":17,"column":97}},"type":"binary-expr","locations":[{"start":{"line":17,"column":54},"end":{"line":17,"column":69}},{"start":{"line":17,"column":69},"end":{"line":17,"column":97}}],"line":17},"2":{"loc":{"start":{"line":25,"column":22},"end":{"line":27,"column":null}},"type":"cond-expr","locations":[{"start":{"line":26,"column":10},"end":{"line":26,"column":87}},{"start":{"line":27,"column":10},"end":{"line":27,"column":null}}],"line":25},"3":{"loc":{"start":{"line":38,"column":4},"end":{"line":39,"column":null}},"type":"if","locations":[{"start":{"line":38,"column":4},"end":{"line":39,"column":null}},{"start":{},"end":{}}],"line":38},"4":{"loc":{"start":{"line":43,"column":52},"end":{"line":43,"column":95}},"type":"binary-expr","locations":[{"start":{"line":43,"column":52},"end":{"line":43,"column":67}},{"start":{"line":43,"column":67},"end":{"line":43,"column":95}}],"line":43},"5":{"loc":{"start":{"line":60,"column":26},"end":{"line":61,"column":null}},"type":"binary-expr","locations":[{"start":{"line":60,"column":26},"end":{"line":60,"column":null}},{"start":{"line":61,"column":9},"end":{"line":61,"column":42}},{"start":{"line":61,"column":46},"end":{"line":61,"column":75}},{"start":{"line":61,"column":79},"end":{"line":61,"column":108}}],"line":60},"6":{"loc":{"start":{"line":62,"column":6},"end":{"line":64,"column":null}},"type":"if","locations":[{"start":{"line":62,"column":6},"end":{"line":64,"column":null}},{"start":{},"end":{}}],"line":62},"7":{"loc":{"start":{"line":66,"column":22},"end":{"line":68,"column":null}},"type":"cond-expr","locations":[{"start":{"line":67,"column":10},"end":{"line":67,"column":87}},{"start":{"line":68,"column":10},"end":{"line":68,"column":null}}],"line":66},"8":{"loc":{"start":{"line":84,"column":24},"end":{"line":86,"column":null}},"type":"cond-expr","locations":[{"start":{"line":85,"column":12},"end":{"line":85,"column":87}},{"start":{"line":86,"column":12},"end":{"line":86,"column":null}}],"line":84},"9":{"loc":{"start":{"line":99,"column":28},"end":{"line":101,"column":null}},"type":"cond-expr","locations":[{"start":{"line":100,"column":8},"end":{"line":100,"column":null}},{"start":{"line":101,"column":8},"end":{"line":101,"column":null}}],"line":99},"10":{"loc":{"start":{"line":104,"column":28},"end":{"line":106,"column":null}},"type":"cond-expr","locations":[{"start":{"line":105,"column":8},"end":{"line":105,"column":null}},{"start":{"line":106,"column":8},"end":{"line":106,"column":null}}],"line":104},"11":{"loc":{"start":{"line":109,"column":31},"end":{"line":111,"column":null}},"type":"cond-expr","locations":[{"start":{"line":110,"column":8},"end":{"line":110,"column":null}},{"start":{"line":111,"column":8},"end":{"line":111,"column":null}}],"line":109},"12":{"loc":{"start":{"line":114,"column":24},"end":{"line":124,"column":null}},"type":"cond-expr","locations":[{"start":{"line":115,"column":8},"end":{"line":124,"column":null}},{"start":{"line":124,"column":8},"end":{"line":124,"column":null}}],"line":114},"13":{"loc":{"start":{"line":134,"column":24},"end":{"line":141,"column":null}},"type":"cond-expr","locations":[{"start":{"line":135,"column":8},"end":{"line":141,"column":null}},{"start":{"line":141,"column":8},"end":{"line":141,"column":null}}],"line":134},"14":{"loc":{"start":{"line":187,"column":19},"end":{"line":187,"column":null}},"type":"cond-expr","locations":[{"start":{"line":187,"column":46},"end":{"line":187,"column":55}},{"start":{"line":187,"column":55},"end":{"line":187,"column":null}}],"line":187},"15":{"loc":{"start":{"line":188,"column":33},"end":{"line":188,"column":null}},"type":"binary-expr","locations":[{"start":{"line":188,"column":33},"end":{"line":188,"column":74}},{"start":{"line":188,"column":74},"end":{"line":188,"column":null}}],"line":188},"16":{"loc":{"start":{"line":195,"column":4},"end":{"line":199,"column":null}},"type":"if","locations":[{"start":{"line":195,"column":4},"end":{"line":199,"column":null}},{"start":{"line":198,"column":11},"end":{"line":199,"column":null}}],"line":195},"17":{"loc":{"start":{"line":195,"column":8},"end":{"line":195,"column":42}},"type":"binary-expr","locations":[{"start":{"line":195,"column":8},"end":{"line":195,"column":29}},{"start":{"line":195,"column":29},"end":{"line":195,"column":42}}],"line":195},"18":{"loc":{"start":{"line":197,"column":22},"end":{"line":197,"column":null}},"type":"cond-expr","locations":[{"start":{"line":197,"column":38},"end":{"line":197,"column":57}},{"start":{"line":197,"column":57},"end":{"line":197,"column":null}}],"line":197},"19":{"loc":{"start":{"line":199,"column":22},"end":{"line":199,"column":null}},"type":"cond-expr","locations":[{"start":{"line":199,"column":38},"end":{"line":199,"column":57}},{"start":{"line":199,"column":57},"end":{"line":199,"column":null}}],"line":199},"20":{"loc":{"start":{"line":205,"column":27},"end":{"line":205,"column":null}},"type":"cond-expr","locations":[{"start":{"line":205,"column":43},"end":{"line":205,"column":64}},{"start":{"line":205,"column":64},"end":{"line":205,"column":null}}],"line":205},"21":{"loc":{"start":{"line":206,"column":18},"end":{"line":206,"column":null}},"type":"cond-expr","locations":[{"start":{"line":206,"column":58},"end":{"line":206,"column":78}},{"start":{"line":206,"column":78},"end":{"line":206,"column":null}}],"line":206},"22":{"loc":{"start":{"line":207,"column":18},"end":{"line":207,"column":null}},"type":"binary-expr","locations":[{"start":{"line":207,"column":18},"end":{"line":207,"column":49}},{"start":{"line":207,"column":49},"end":{"line":207,"column":null}}],"line":207},"23":{"loc":{"start":{"line":208,"column":26},"end":{"line":221,"column":null}},"type":"cond-expr","locations":[{"start":{"line":209,"column":11},"end":{"line":220,"column":47}},{"start":{"line":221,"column":10},"end":{"line":221,"column":null}}],"line":208},"24":{"loc":{"start":{"line":212,"column":21},"end":{"line":218,"column":null}},"type":"cond-expr","locations":[{"start":{"line":213,"column":18},"end":{"line":217,"column":null}},{"start":{"line":218,"column":18},"end":{"line":218,"column":null}}],"line":212},"25":{"loc":{"start":{"line":216,"column":32},"end":{"line":216,"column":null}},"type":"cond-expr","locations":[{"start":{"line":216,"column":69},"end":{"line":216,"column":86}},{"start":{"line":216,"column":86},"end":{"line":216,"column":null}}],"line":216}},"s":{"0":6,"1":6,"2":2,"3":2,"4":1,"5":1,"6":1,"7":1,"8":2,"9":0,"10":1,"11":1,"12":1,"13":4,"14":4,"15":1,"16":3,"17":3,"18":4,"19":4,"20":4,"21":1,"22":1,"23":1,"24":2,"25":2,"26":1,"27":1,"28":1,"29":2,"30":2,"31":0,"32":0,"33":0,"34":0,"35":0,"36":0,"37":0,"38":0,"39":3,"40":3,"41":3,"42":3,"43":3,"44":3,"45":3,"46":3,"47":3,"48":1,"49":1,"50":1,"51":1,"52":1,"53":0,"54":0,"55":0,"56":1,"57":1,"58":0,"59":0,"60":0,"61":0},"f":{"0":2,"1":4,"2":0,"3":3,"4":3,"5":1,"6":1,"7":0,"8":0,"9":0,"10":0},"b":{"0":[1,1],"1":[1,0],"2":[1,0],"3":[1,3],"4":[3,0],"5":[2,2,1,1],"6":[1,1],"7":[1,0],"8":[0,0],"9":[3,0],"10":[3,0],"11":[3,0],"12":[3,0],"13":[3,0],"14":[0,1],"15":[1,0],"16":[0,1],"17":[1,0],"18":[0,0],"19":[1,0],"20":[1,0],"21":[1,0],"22":[1,1],"23":[0,1],"24":[0,0],"25":[0,0]},"meta":{"lastBranch":26,"lastFunction":11,"lastStatement":62,"seen":{"s:6:7:6:Infinity":0,"s:7:9:7:Infinity":1,"f:9:8:9:40":0,"s:10:42:10:69":2,"b:11:4:12:Infinity:undefined:undefined:undefined:undefined":0,"s:11:4:12:Infinity":3,"s:12:6:12:Infinity":4,"s:15:4:29:Infinity":5,"s:16:20:16:56":6,"s:17:20:17:98":7,"b:17:54:17:69:17:69:17:97":1,"s:19:6:22:Infinity":8,"s:23:6:23:Infinity":9,"s:25:22:27:Infinity":10,"b:26:10:26:87:27:10:27:Infinity":2,"s:28:6:28:Infinity":11,"s:29:6:29:Infinity":12,"f:33:8:33:Infinity":1,"s:37:42:37:69":13,"b:38:4:39:Infinity:undefined:undefined:undefined:undefined":3,"s:38:4:39:Infinity":14,"s:39:6:39:Infinity":15,"s:42:18:42:54":16,"s:43:18:43:96":17,"b:43:52:43:67:43:67:43:95":4,"s:45:19:45:62":18,"s:47:4:70:Infinity":19,"s:48:21:53:8":20,"s:55:27:55:49":21,"s:56:21:56:45":22,"s:58:6:58:Infinity":23,"s:60:26:61:Infinity":24,"b:60:26:60:Infinity:61:9:61:42:61:46:61:75:61:79:61:108":5,"b:62:6:64:Infinity:undefined:undefined:undefined:undefined":6,"s:62:6:64:Infinity":25,"s:63:8:63:Infinity":26,"s:64:8:64:Infinity":27,"s:66:22:68:Infinity":28,"b:67:10:67:87:68:10:68:Infinity":7,"s:69:6:69:Infinity":29,"s:70:6:70:Infinity":30,"f:74:8:74:Infinity":2,"s:78:20:78:59":31,"s:79:4:87:Infinity":32,"s:80:6:87:Infinity":33,"s:81:20:81:59":34,"s:82:8:82:Infinity":35,"s:84:24:86:Infinity":36,"b:85:12:85:87:86:12:86:Infinity":8,"s:87:8:87:Infinity":37,"s:90:4:90:Infinity":38,"f:93:2:93:10":3,"s:97:33:97:60":39,"s:98:26:98:70":40,"f:98:34:98:39":4,"s:98:45:98:59":41,"s:99:28:101:Infinity":42,"b:100:8:100:Infinity:101:8:101:Infinity":9,"s:104:28:106:Infinity":43,"b:105:8:105:Infinity:106:8:106:Infinity":10,"s:109:31:111:Infinity":44,"b:110:8:110:Infinity:111:8:111:Infinity":11,"s:114:24:124:Infinity":45,"b:115:8:124:Infinity:124:8:124:Infinity":12,"s:134:24:141:Infinity":46,"b:135:8:141:Infinity:141:8:141:Infinity":13,"s:148:4:176:Infinity":47,"f:182:2:182:10":5,"s:187:19:187:Infinity":48,"b:187:46:187:55:187:55:187:Infinity":14,"s:188:33:188:Infinity":49,"b:188:33:188:74:188:74:188:Infinity":15,"s:191:26:191:77":50,"f:191:34:191:40":6,"s:191:46:191:77":51,"b:195:4:199:Infinity:198:11:199:Infinity":16,"s:195:4:199:Infinity":52,"b:195:8:195:29:195:29:195:42":17,"s:196:28:196:71":53,"f:196:36:196:42":7,"s:196:48:196:71":54,"s:197:6:197:Infinity":55,"b:197:38:197:57:197:57:197:Infinity":18,"s:199:6:199:Infinity":56,"b:199:38:199:57:199:57:199:Infinity":19,"s:202:4:222:Infinity":57,"b:205:43:205:64:205:64:205:Infinity":20,"b:206:58:206:78:206:78:206:Infinity":21,"b:207:18:207:49:207:49:207:Infinity":22,"b:209:11:220:47:221:10:221:Infinity":23,"f:210:13:210:18":8,"s:211:33:211:73":58,"f:211:41:211:47":9,"s:211:53:211:73":59,"s:212:14:218:Infinity":60,"b:213:18:217:Infinity:218:18:218:Infinity":24,"b:216:69:216:86:216:86:216:Infinity":25,"f:220:13:220:21":10,"s:220:36:220:47":61}}}
,"/Users/lyon/App/BookmarkHero/src/core/providers/index.ts": {"path":"/Users/lyon/App/BookmarkHero/src/core/providers/index.ts","statementMap":{"0":{"start":{"line":16,"column":4},"end":{"line":22,"column":null}},"1":{"start":{"line":18,"column":8},"end":{"line":18,"column":null}},"2":{"start":{"line":20,"column":8},"end":{"line":20,"column":null}},"3":{"start":{"line":22,"column":8},"end":{"line":22,"column":null}},"4":{"start":{"line":27,"column":4},"end":{"line":30,"column":null}}},"fnMap":{"0":{"name":"(anonymous_0)","decl":{"start":{"line":15,"column":9},"end":{"line":15,"column":24}},"loc":{"start":{"line":15,"column":55},"end":{"line":22,"column":null}},"line":15},"1":{"name":"(anonymous_1)","decl":{"start":{"line":26,"column":9},"end":{"line":26,"column":71}},"loc":{"start":{"line":26,"column":71},"end":{"line":30,"column":null}},"line":26}},"branchMap":{"0":{"loc":{"start":{"line":16,"column":4},"end":{"line":22,"column":null}},"type":"switch","locations":[{"start":{"line":17,"column":6},"end":{"line":18,"column":null}},{"start":{"line":19,"column":6},"end":{"line":20,"column":null}},{"start":{"line":21,"column":6},"end":{"line":22,"column":null}}],"line":16}},"s":{"0":0,"1":0,"2":0,"3":0,"4":0},"f":{"0":0,"1":0},"b":{"0":[0,0,0]},"meta":{"lastBranch":1,"lastFunction":2,"lastStatement":5,"seen":{"f:15:9:15:24":0,"b:17:6:18:Infinity:19:6:20:Infinity:21:6:22:Infinity":0,"s:16:4:22:Infinity":0,"s:18:8:18:Infinity":1,"s:20:8:20:Infinity":2,"s:22:8:22:Infinity":3,"f:26:9:26:71":1,"s:27:4:30:Infinity":4}}}
,"/Users/lyon/App/BookmarkHero/src/core/providers/ollama.provider.ts": {"path":"/Users/lyon/App/BookmarkHero/src/core/providers/ollama.provider.ts","statementMap":{"0":{"start":{"line":5,"column":7},"end":{"line":5,"column":null}},"1":{"start":{"line":6,"column":9},"end":{"line":6,"column":null}},"2":{"start":{"line":9,"column":39},"end":{"line":9,"column":66}},"3":{"start":{"line":10,"column":4},"end":{"line":31,"column":null}},"4":{"start":{"line":11,"column":26},"end":{"line":11,"column":null}},"5":{"start":{"line":12,"column":19},"end":{"line":12,"column":55}},"6":{"start":{"line":13,"column":6},"end":{"line":13,"column":null}},"7":{"start":{"line":13,"column":20},"end":{"line":13,"column":null}},"8":{"start":{"line":15,"column":19},"end":{"line":15,"column":36}},"9":{"start":{"line":16,"column":21},"end":{"line":16,"column":66}},"10":{"start":{"line":19,"column":23},"end":{"line":20,"column":null}},"11":{"start":{"line":20,"column":8},"end":{"line":20,"column":70}},"12":{"start":{"line":23,"column":6},"end":{"line":24,"column":null}},"13":{"start":{"line":24,"column":8},"end":{"line":24,"column":null}},"14":{"start":{"line":26,"column":6},"end":{"line":26,"column":null}},"15":{"start":{"line":28,"column":6},"end":{"line":29,"column":null}},"16":{"start":{"line":29,"column":8},"end":{"line":29,"column":null}},"17":{"start":{"line":31,"column":6},"end":{"line":31,"column":null}},"18":{"start":{"line":39,"column":57},"end":{"line":39,"column":84}},"19":{"start":{"line":41,"column":26},"end":{"line":41,"column":78}},"20":{"start":{"line":41,"column":53},"end":{"line":41,"column":67}},"21":{"start":{"line":42,"column":28},"end":{"line":44,"column":null}},"22":{"start":{"line":47,"column":28},"end":{"line":49,"column":null}},"23":{"start":{"line":52,"column":31},"end":{"line":54,"column":null}},"24":{"start":{"line":56,"column":19},"end":{"line":67,"column":null}},"25":{"start":{"line":82,"column":4},"end":{"line":104,"column":null}},"26":{"start":{"line":83,"column":19},"end":{"line":93,"column":8}},"27":{"start":{"line":95,"column":6},"end":{"line":96,"column":null}},"28":{"start":{"line":96,"column":8},"end":{"line":96,"column":null}},"29":{"start":{"line":99,"column":19},"end":{"line":99,"column":36}},"30":{"start":{"line":100,"column":21},"end":{"line":100,"column":46}},"31":{"start":{"line":101,"column":6},"end":{"line":101,"column":null}},"32":{"start":{"line":103,"column":6},"end":{"line":103,"column":null}},"33":{"start":{"line":104,"column":6},"end":{"line":104,"column":null}},"34":{"start":{"line":112,"column":20},"end":{"line":112,"column":59}},"35":{"start":{"line":113,"column":4},"end":{"line":118,"column":null}},"36":{"start":{"line":114,"column":6},"end":{"line":118,"column":null}},"37":{"start":{"line":115,"column":20},"end":{"line":115,"column":59}},"38":{"start":{"line":116,"column":8},"end":{"line":116,"column":null}},"39":{"start":{"line":118,"column":8},"end":{"line":118,"column":null}},"40":{"start":{"line":121,"column":4},"end":{"line":121,"column":null}},"41":{"start":{"line":129,"column":19},"end":{"line":129,"column":null}},"42":{"start":{"line":130,"column":33},"end":{"line":130,"column":null}},"43":{"start":{"line":131,"column":26},"end":{"line":131,"column":77}},"44":{"start":{"line":131,"column":46},"end":{"line":131,"column":77}},"45":{"start":{"line":134,"column":4},"end":{"line":138,"column":null}},"46":{"start":{"line":135,"column":28},"end":{"line":135,"column":71}},"47":{"start":{"line":135,"column":48},"end":{"line":135,"column":71}},"48":{"start":{"line":136,"column":6},"end":{"line":136,"column":null}},"49":{"start":{"line":138,"column":6},"end":{"line":138,"column":null}},"50":{"start":{"line":141,"column":4},"end":{"line":157,"column":null}},"51":{"start":{"line":150,"column":24},"end":{"line":150,"column":64}},"52":{"start":{"line":150,"column":44},"end":{"line":150,"column":64}},"53":{"start":{"line":151,"column":14},"end":{"line":153,"column":null}}},"fnMap":{"0":{"name":"(anonymous_0)","decl":{"start":{"line":8,"column":8},"end":{"line":8,"column":40}},"loc":{"start":{"line":8,"column":40},"end":{"line":31,"column":null}},"line":8},"1":{"name":"(anonymous_1)","decl":{"start":{"line":19,"column":30},"end":{"line":19,"column":36}},"loc":{"start":{"line":20,"column":8},"end":{"line":20,"column":70}},"line":20},"2":{"name":"(anonymous_2)","decl":{"start":{"line":35,"column":8},"end":{"line":35,"column":null}},"loc":{"start":{"line":38,"column":35},"end":{"line":104,"column":null}},"line":38},"3":{"name":"(anonymous_3)","decl":{"start":{"line":41,"column":42},"end":{"line":41,"column":47}},"loc":{"start":{"line":41,"column":53},"end":{"line":41,"column":67}},"line":41},"4":{"name":"(anonymous_4)","decl":{"start":{"line":108,"column":8},"end":{"line":108,"column":null}},"loc":{"start":{"line":111,"column":48},"end":{"line":121,"column":null}},"line":111},"5":{"name":"(anonymous_5)","decl":{"start":{"line":124,"column":2},"end":{"line":124,"column":10}},"loc":{"start":{"line":128,"column":26},"end":{"line":157,"column":null}},"line":128},"6":{"name":"(anonymous_6)","decl":{"start":{"line":131,"column":34},"end":{"line":131,"column":40}},"loc":{"start":{"line":131,"column":46},"end":{"line":131,"column":77}},"line":131},"7":{"name":"(anonymous_7)","decl":{"start":{"line":135,"column":36},"end":{"line":135,"column":42}},"loc":{"start":{"line":135,"column":48},"end":{"line":135,"column":71}},"line":135},"8":{"name":"(anonymous_8)","decl":{"start":{"line":149,"column":13},"end":{"line":149,"column":18}},"loc":{"start":{"line":149,"column":51},"end":{"line":154,"column":null}},"line":149},"9":{"name":"(anonymous_9)","decl":{"start":{"line":150,"column":32},"end":{"line":150,"column":38}},"loc":{"start":{"line":150,"column":44},"end":{"line":150,"column":64}},"line":150}},"branchMap":{"0":{"loc":{"start":{"line":11,"column":26},"end":{"line":11,"column":null}},"type":"binary-expr","locations":[{"start":{"line":11,"column":26},"end":{"line":11,"column":41}},{"start":{"line":11,"column":41},"end":{"line":11,"column":null}}],"line":11},"1":{"loc":{"start":{"line":13,"column":6},"end":{"line":13,"column":null}},"type":"if","locations":[{"start":{"line":13,"column":6},"end":{"line":13,"column":null}},{"start":{},"end":{}}],"line":13},"2":{"loc":{"start":{"line":16,"column":21},"end":{"line":16,"column":66}},"type":"cond-expr","locations":[{"start":{"line":16,"column":50},"end":{"line":16,"column":64}},{"start":{"line":16,"column":64},"end":{"line":16,"column":66}}],"line":16},"3":{"loc":{"start":{"line":20,"column":8},"end":{"line":20,"column":70}},"type":"binary-expr","locations":[{"start":{"line":20,"column":8},"end":{"line":20,"column":34}},{"start":{"line":20,"column":34},"end":{"line":20,"column":70}}],"line":20},"4":{"loc":{"start":{"line":23,"column":6},"end":{"line":24,"column":null}},"type":"if","locations":[{"start":{"line":23,"column":6},"end":{"line":24,"column":null}},{"start":{},"end":{}}],"line":23},"5":{"loc":{"start":{"line":28,"column":6},"end":{"line":29,"column":null}},"type":"if","locations":[{"start":{"line":28,"column":6},"end":{"line":29,"column":null}},{"start":{},"end":{}}],"line":28},"6":{"loc":{"start":{"line":28,"column":10},"end":{"line":28,"column":67}},"type":"binary-expr","locations":[{"start":{"line":28,"column":10},"end":{"line":28,"column":36}},{"start":{"line":28,"column":36},"end":{"line":28,"column":67}}],"line":28},"7":{"loc":{"start":{"line":42,"column":28},"end":{"line":44,"column":null}},"type":"cond-expr","locations":[{"start":{"line":43,"column":8},"end":{"line":43,"column":null}},{"start":{"line":44,"column":8},"end":{"line":44,"column":null}}],"line":42},"8":{"loc":{"start":{"line":47,"column":28},"end":{"line":49,"column":null}},"type":"cond-expr","locations":[{"start":{"line":48,"column":8},"end":{"line":48,"column":null}},{"start":{"line":49,"column":8},"end":{"line":49,"column":null}}],"line":47},"9":{"loc":{"start":{"line":52,"column":31},"end":{"line":54,"column":null}},"type":"cond-expr","locations":[{"start":{"line":53,"column":8},"end":{"line":53,"column":null}},{"start":{"line":54,"column":8},"end":{"line":54,"column":null}}],"line":52},"10":{"loc":{"start":{"line":87,"column":17},"end":{"line":87,"column":null}},"type":"binary-expr","locations":[{"start":{"line":87,"column":17},"end":{"line":87,"column":32}},{"start":{"line":87,"column":32},"end":{"line":87,"column":null}}],"line":87},"11":{"loc":{"start":{"line":95,"column":6},"end":{"line":96,"column":null}},"type":"if","locations":[{"start":{"line":95,"column":6},"end":{"line":96,"column":null}},{"start":{},"end":{}}],"line":95},"12":{"loc":{"start":{"line":104,"column":38},"end":{"line":104,"column":92}},"type":"cond-expr","locations":[{"start":{"line":104,"column":63},"end":{"line":104,"column":79}},{"start":{"line":104,"column":79},"end":{"line":104,"column":92}}],"line":104},"13":{"loc":{"start":{"line":129,"column":19},"end":{"line":129,"column":null}},"type":"cond-expr","locations":[{"start":{"line":129,"column":46},"end":{"line":129,"column":55}},{"start":{"line":129,"column":55},"end":{"line":129,"column":null}}],"line":129},"14":{"loc":{"start":{"line":130,"column":33},"end":{"line":130,"column":null}},"type":"binary-expr","locations":[{"start":{"line":130,"column":33},"end":{"line":130,"column":74}},{"start":{"line":130,"column":74},"end":{"line":130,"column":null}}],"line":130},"15":{"loc":{"start":{"line":134,"column":4},"end":{"line":138,"column":null}},"type":"if","locations":[{"start":{"line":134,"column":4},"end":{"line":138,"column":null}},{"start":{"line":137,"column":11},"end":{"line":138,"column":null}}],"line":134},"16":{"loc":{"start":{"line":134,"column":8},"end":{"line":134,"column":42}},"type":"binary-expr","locations":[{"start":{"line":134,"column":8},"end":{"line":134,"column":29}},{"start":{"line":134,"column":29},"end":{"line":134,"column":42}}],"line":134},"17":{"loc":{"start":{"line":136,"column":22},"end":{"line":136,"column":null}},"type":"cond-expr","locations":[{"start":{"line":136,"column":38},"end":{"line":136,"column":57}},{"start":{"line":136,"column":57},"end":{"line":136,"column":null}}],"line":136},"18":{"loc":{"start":{"line":138,"column":22},"end":{"line":138,"column":null}},"type":"cond-expr","locations":[{"start":{"line":138,"column":38},"end":{"line":138,"column":57}},{"start":{"line":138,"column":57},"end":{"line":138,"column":null}}],"line":138},"19":{"loc":{"start":{"line":144,"column":27},"end":{"line":144,"column":null}},"type":"cond-expr","locations":[{"start":{"line":144,"column":43},"end":{"line":144,"column":64}},{"start":{"line":144,"column":64},"end":{"line":144,"column":null}}],"line":144},"20":{"loc":{"start":{"line":145,"column":18},"end":{"line":145,"column":null}},"type":"cond-expr","locations":[{"start":{"line":145,"column":58},"end":{"line":145,"column":78}},{"start":{"line":145,"column":78},"end":{"line":145,"column":null}}],"line":145},"21":{"loc":{"start":{"line":146,"column":18},"end":{"line":146,"column":null}},"type":"binary-expr","locations":[{"start":{"line":146,"column":18},"end":{"line":146,"column":49}},{"start":{"line":146,"column":49},"end":{"line":146,"column":null}}],"line":146},"22":{"loc":{"start":{"line":147,"column":26},"end":{"line":156,"column":null}},"type":"cond-expr","locations":[{"start":{"line":148,"column":11},"end":{"line":155,"column":28}},{"start":{"line":156,"column":10},"end":{"line":156,"column":null}}],"line":147},"23":{"loc":{"start":{"line":151,"column":21},"end":{"line":153,"column":null}},"type":"cond-expr","locations":[{"start":{"line":152,"column":18},"end":{"line":152,"column":null}},{"start":{"line":153,"column":18},"end":{"line":153,"column":null}}],"line":151},"24":{"loc":{"start":{"line":152,"column":68},"end":{"line":152,"column":125}},"type":"cond-expr","locations":[{"start":{"line":152,"column":105},"end":{"line":152,"column":122}},{"start":{"line":152,"column":122},"end":{"line":152,"column":125}}],"line":152}},"s":{"0":0,"1":0,"2":0,"3":0,"4":0,"5":0,"6":0,"7":0,"8":0,"9":0,"10":0,"11":0,"12":0,"13":0,"14":0,"15":0,"16":0,"17":0,"18":0,"19":0,"20":0,"21":0,"22":0,"23":0,"24":0,"25":0,"26":0,"27":0,"28":0,"29":0,"30":0,"31":0,"32":0,"33":0,"34":0,"35":0,"36":0,"37":0,"38":0,"39":0,"40":0,"41":0,"42":0,"43":0,"44":0,"45":0,"46":0,"47":0,"48":0,"49":0,"50":0,"51":0,"52":0,"53":0},"f":{"0":0,"1":0,"2":0,"3":0,"4":0,"5":0,"6":0,"7":0,"8":0,"9":0},"b":{"0":[0,0],"1":[0,0],"2":[0,0],"3":[0,0],"4":[0,0],"5":[0,0],"6":[0,0],"7":[0,0],"8":[0,0],"9":[0,0],"10":[0,0],"11":[0,0],"12":[0,0],"13":[0,0],"14":[0,0],"15":[0,0],"16":[0,0],"17":[0,0],"18":[0,0],"19":[0,0],"20":[0,0],"21":[0,0],"22":[0,0],"23":[0,0],"24":[0,0]},"meta":{"lastBranch":25,"lastFunction":10,"lastStatement":54,"seen":{"s:5:7:5:Infinity":0,"s:6:9:6:Infinity":1,"f:8:8:8:40":0,"s:9:39:9:66":2,"s:10:4:31:Infinity":3,"s:11:26:11:Infinity":4,"b:11:26:11:41:11:41:11:Infinity":0,"s:12:19:12:55":5,"b:13:6:13:Infinity:undefined:undefined:undefined:undefined":1,"s:13:6:13:Infinity":6,"s:13:20:13:Infinity":7,"s:15:19:15:36":8,"s:16:21:16:66":9,"b:16:50:16:64:16:64:16:66":2,"s:19:23:20:Infinity":10,"f:19:30:19:36":1,"s:20:8:20:70":11,"b:20:8:20:34:20:34:20:70":3,"b:23:6:24:Infinity:undefined:undefined:undefined:undefined":4,"s:23:6:24:Infinity":12,"s:24:8:24:Infinity":13,"s:26:6:26:Infinity":14,"b:28:6:29:Infinity:undefined:undefined:undefined:undefined":5,"s:28:6:29:Infinity":15,"b:28:10:28:36:28:36:28:67":6,"s:29:8:29:Infinity":16,"s:31:6:31:Infinity":17,"f:35:8:35:Infinity":2,"s:39:57:39:84":18,"s:41:26:41:78":19,"f:41:42:41:47":3,"s:41:53:41:67":20,"s:42:28:44:Infinity":21,"b:43:8:43:Infinity:44:8:44:Infinity":7,"s:47:28:49:Infinity":22,"b:48:8:48:Infinity:49:8:49:Infinity":8,"s:52:31:54:Infinity":23,"b:53:8:53:Infinity:54:8:54:Infinity":9,"s:56:19:67:Infinity":24,"s:82:4:104:Infinity":25,"s:83:19:93:8":26,"b:87:17:87:32:87:32:87:Infinity":10,"b:95:6:96:Infinity:undefined:undefined:undefined:undefined":11,"s:95:6:96:Infinity":27,"s:96:8:96:Infinity":28,"s:99:19:99:36":29,"s:100:21:100:46":30,"s:101:6:101:Infinity":31,"s:103:6:103:Infinity":32,"s:104:6:104:Infinity":33,"b:104:63:104:79:104:79:104:92":12,"f:108:8:108:Infinity":4,"s:112:20:112:59":34,"s:113:4:118:Infinity":35,"s:114:6:118:Infinity":36,"s:115:20:115:59":37,"s:116:8:116:Infinity":38,"s:118:8:118:Infinity":39,"s:121:4:121:Infinity":40,"f:124:2:124:10":5,"s:129:19:129:Infinity":41,"b:129:46:129:55:129:55:129:Infinity":13,"s:130:33:130:Infinity":42,"b:130:33:130:74:130:74:130:Infinity":14,"s:131:26:131:77":43,"f:131:34:131:40":6,"s:131:46:131:77":44,"b:134:4:138:Infinity:137:11:138:Infinity":15,"s:134:4:138:Infinity":45,"b:134:8:134:29:134:29:134:42":16,"s:135:28:135:71":46,"f:135:36:135:42":7,"s:135:48:135:71":47,"s:136:6:136:Infinity":48,"b:136:38:136:57:136:57:136:Infinity":17,"s:138:6:138:Infinity":49,"b:138:38:138:57:138:57:138:Infinity":18,"s:141:4:157:Infinity":50,"b:144:43:144:64:144:64:144:Infinity":19,"b:145:58:145:78:145:78:145:Infinity":20,"b:146:18:146:49:146:49:146:Infinity":21,"b:148:11:155:28:156:10:156:Infinity":22,"f:149:13:149:18":8,"s:150:24:150:64":51,"f:150:32:150:38":9,"s:150:44:150:64":52,"s:151:14:153:Infinity":53,"b:152:18:152:Infinity:153:18:153:Infinity":23,"b:152:105:152:122:152:122:152:125":24}}}
,"/Users/lyon/App/BookmarkHero/src/core/scanners/dead-link.scanner.ts": {"path":"/Users/lyon/App/BookmarkHero/src/core/scanners/dead-link.scanner.ts","statementMap":{"0":{"start":{"line":19,"column":20},"end":{"line":19,"column":null}},"1":{"start":{"line":20,"column":40},"end":{"line":20,"column":null}},"2":{"start":{"line":22,"column":2},"end":{"line":36,"column":null}},"3":{"start":{"line":24,"column":24},"end":{"line":26,"column":38}},"4":{"start":{"line":25,"column":6},"end":{"line":25,"column":null}},"5":{"start":{"line":28,"column":4},"end":{"line":35,"column":null}},"6":{"start":{"line":29,"column":6},"end":{"line":29,"column":null}},"7":{"start":{"line":30,"column":6},"end":{"line":32,"column":null}},"8":{"start":{"line":31,"column":8},"end":{"line":31,"column":null}},"9":{"start":{"line":32,"column":8},"end":{"line":32,"column":null}},"10":{"start":{"line":34,"column":6},"end":{"line":34,"column":null}},"11":{"start":{"line":40,"column":14},"end":{"line":40,"column":null}},"12":{"start":{"line":41,"column":16},"end":{"line":41,"column":null}},"13":{"start":{"line":42,"column":23},"end":{"line":42,"column":null}},"14":{"start":{"line":44,"column":24},"end":{"line":44,"column":null}},"15":{"start":{"line":50,"column":4},"end":{"line":50,"column":null}},"16":{"start":{"line":50,"column":14},"end":{"line":50,"column":null}},"17":{"start":{"line":53,"column":4},"end":{"line":53,"column":null}},"18":{"start":{"line":53,"column":78},"end":{"line":53,"column":null}},"19":{"start":{"line":54,"column":4},"end":{"line":54,"column":null}},"20":{"start":{"line":54,"column":35},"end":{"line":54,"column":null}},"21":{"start":{"line":55,"column":4},"end":{"line":55,"column":null}},"22":{"start":{"line":55,"column":39},"end":{"line":55,"column":null}},"23":{"start":{"line":57,"column":4},"end":{"line":76,"column":null}},"24":{"start":{"line":58,"column":23},"end":{"line":58,"column":null}},"25":{"start":{"line":61,"column":6},"end":{"line":69,"column":null}},"26":{"start":{"line":69,"column":8},"end":{"line":69,"column":null}},"27":{"start":{"line":72,"column":6},"end":{"line":73,"column":null}},"28":{"start":{"line":73,"column":8},"end":{"line":73,"column":null}},"29":{"start":{"line":73,"column":44},"end":{"line":73,"column":64}},"30":{"start":{"line":73,"column":67},"end":{"line":73,"column":null}},"31":{"start":{"line":76,"column":6},"end":{"line":76,"column":null}},"32":{"start":{"line":79,"column":4},"end":{"line":79,"column":null}},"33":{"start":{"line":87,"column":4},"end":{"line":87,"column":null}},"34":{"start":{"line":88,"column":22},"end":{"line":88,"column":32}},"35":{"start":{"line":89,"column":32},"end":{"line":89,"column":34}},"36":{"start":{"line":92,"column":98},"end":{"line":92,"column":100}},"37":{"start":{"line":93,"column":4},"end":{"line":102,"column":null}},"38":{"start":{"line":95,"column":8},"end":{"line":99,"column":null}},"39":{"start":{"line":96,"column":10},"end":{"line":99,"column":null}},"40":{"start":{"line":104,"column":18},"end":{"line":104,"column":null}},"41":{"start":{"line":105,"column":10},"end":{"line":105,"column":20}},"42":{"start":{"line":107,"column":4},"end":{"line":109,"column":null}},"43":{"start":{"line":108,"column":6},"end":{"line":108,"column":null}},"44":{"start":{"line":108,"column":22},"end":{"line":108,"column":null}},"45":{"start":{"line":109,"column":6},"end":{"line":109,"column":null}},"46":{"start":{"line":114,"column":23},"end":{"line":114,"column":null}},"47":{"start":{"line":115,"column":10},"end":{"line":115,"column":62}},"48":{"start":{"line":116,"column":33},"end":{"line":116,"column":null}},"49":{"start":{"line":117,"column":18},"end":{"line":117,"column":60}},"50":{"start":{"line":118,"column":23},"end":{"line":118,"column":null}},"51":{"start":{"line":121,"column":26},"end":{"line":121,"column":51}},"52":{"start":{"line":122,"column":20},"end":{"line":122,"column":72}},"53":{"start":{"line":123,"column":4},"end":{"line":125,"column":null}},"54":{"start":{"line":124,"column":6},"end":{"line":124,"column":null}},"55":{"start":{"line":125,"column":6},"end":{"line":125,"column":null}},"56":{"start":{"line":129,"column":26},"end":{"line":179,"column":null}},"57":{"start":{"line":130,"column":6},"end":{"line":178,"column":null}},"58":{"start":{"line":131,"column":8},"end":{"line":131,"column":null}},"59":{"start":{"line":131,"column":30},"end":{"line":131,"column":null}},"60":{"start":{"line":133,"column":8},"end":{"line":166,"column":null}},"61":{"start":{"line":134,"column":23},"end":{"line":134,"column":84}},"62":{"start":{"line":134,"column":39},"end":{"line":134,"column":84}},"63":{"start":{"line":135,"column":25},"end":{"line":135,"column":88}},"64":{"start":{"line":137,"column":10},"end":{"line":137,"column":null}},"65":{"start":{"line":137,"column":32},"end":{"line":137,"column":null}},"66":{"start":{"line":140,"column":10},"end":{"line":160,"column":null}},"67":{"start":{"line":141,"column":12},"end":{"line":141,"column":null}},"68":{"start":{"line":143,"column":12},"end":{"line":160,"column":null}},"69":{"start":{"line":144,"column":28},"end":{"line":144,"column":55}},"70":{"start":{"line":145,"column":14},"end":{"line":146,"column":null}},"71":{"start":{"line":145,"column":49},"end":{"line":145,"column":null}},"72":{"start":{"line":146,"column":23},"end":{"line":146,"column":null}},"73":{"start":{"line":146,"column":45},"end":{"line":146,"column":null}},"74":{"start":{"line":148,"column":31},"end":{"line":148,"column":64}},"75":{"start":{"line":149,"column":33},"end":{"line":149,"column":null}},"76":{"start":{"line":151,"column":14},"end":{"line":160,"column":null}},"77":{"start":{"line":164,"column":10},"end":{"line":164,"column":null}},"78":{"start":{"line":164,"column":32},"end":{"line":164,"column":null}},"79":{"start":{"line":165,"column":10},"end":{"line":165,"column":null}},"80":{"start":{"line":166,"column":10},"end":{"line":166,"column":null}},"81":{"start":{"line":170,"column":8},"end":{"line":176,"column":null}},"82":{"start":{"line":171,"column":10},"end":{"line":176,"column":null}},"83":{"start":{"line":182,"column":4},"end":{"line":182,"column":null}},"84":{"start":{"line":184,"column":4},"end":{"line":185,"column":null}},"85":{"start":{"line":185,"column":6},"end":{"line":185,"column":null}},"86":{"start":{"line":188,"column":4},"end":{"line":196,"column":null}},"87":{"start":{"line":200,"column":4},"end":{"line":200,"column":null}}},"fnMap":{"0":{"name":"checkUrlsViaBackground","decl":{"start":{"line":15,"column":22},"end":{"line":15,"column":null}},"loc":{"start":{"line":18,"column":34},"end":{"line":36,"column":null}},"line":18},"1":{"name":"(anonymous_1)","decl":{"start":{"line":22,"column":13},"end":{"line":22,"column":22}},"loc":{"start":{"line":22,"column":42},"end":{"line":36,"column":null}},"line":22},"2":{"name":"(anonymous_2)","decl":{"start":{"line":24,"column":24},"end":{"line":24,"column":41}},"loc":{"start":{"line":24,"column":41},"end":{"line":26,"column":19}},"line":24},"3":{"name":"(anonymous_3)","decl":{"start":{"line":28,"column":66},"end":{"line":28,"column":69}},"loc":{"start":{"line":28,"column":82},"end":{"line":35,"column":null}},"line":28},"4":{"name":"(anonymous_4)","decl":{"start":{"line":49,"column":2},"end":{"line":49,"column":10}},"loc":{"start":{"line":49,"column":68},"end":{"line":79,"column":null}},"line":49},"5":{"name":"(anonymous_5)","decl":{"start":{"line":73,"column":34},"end":{"line":73,"column":39}},"loc":{"start":{"line":73,"column":44},"end":{"line":73,"column":64}},"line":73},"6":{"name":"(anonymous_6)","decl":{"start":{"line":82,"column":8},"end":{"line":82,"column":null}},"loc":{"start":{"line":86,"column":25},"end":{"line":196,"column":null}},"line":86},"7":{"name":"(anonymous_7)","decl":{"start":{"line":94,"column":6},"end":{"line":94,"column":19}},"loc":{"start":{"line":94,"column":34},"end":{"line":102,"column":6}},"line":94},"8":{"name":"(anonymous_8)","decl":{"start":{"line":129,"column":34},"end":{"line":129,"column":39}},"loc":{"start":{"line":129,"column":49},"end":{"line":179,"column":null}},"line":129},"9":{"name":"(anonymous_9)","decl":{"start":{"line":130,"column":23},"end":{"line":130,"column":35}},"loc":{"start":{"line":130,"column":35},"end":{"line":178,"column":null}},"line":130},"10":{"name":"(anonymous_10)","decl":{"start":{"line":134,"column":29},"end":{"line":134,"column":33}},"loc":{"start":{"line":134,"column":39},"end":{"line":134,"column":84}},"line":134},"11":{"name":"(anonymous_11)","decl":{"start":{"line":199,"column":2},"end":{"line":199,"column":17}},"loc":{"start":{"line":199,"column":17},"end":{"line":200,"column":null}},"line":199}},"branchMap":{"0":{"loc":{"start":{"line":30,"column":6},"end":{"line":32,"column":null}},"type":"if","locations":[{"start":{"line":30,"column":6},"end":{"line":32,"column":null}},{"start":{},"end":{}}],"line":30},"1":{"loc":{"start":{"line":50,"column":4},"end":{"line":50,"column":null}},"type":"if","locations":[{"start":{"line":50,"column":4},"end":{"line":50,"column":null}},{"start":{},"end":{}}],"line":50},"2":{"loc":{"start":{"line":53,"column":4},"end":{"line":53,"column":null}},"type":"if","locations":[{"start":{"line":53,"column":4},"end":{"line":53,"column":null}},{"start":{},"end":{}}],"line":53},"3":{"loc":{"start":{"line":53,"column":8},"end":{"line":53,"column":76}},"type":"binary-expr","locations":[{"start":{"line":53,"column":8},"end":{"line":53,"column":35}},{"start":{"line":53,"column":39},"end":{"line":53,"column":76}}],"line":53},"4":{"loc":{"start":{"line":54,"column":4},"end":{"line":54,"column":null}},"type":"if","locations":[{"start":{"line":54,"column":4},"end":{"line":54,"column":null}},{"start":{},"end":{}}],"line":54},"5":{"loc":{"start":{"line":55,"column":4},"end":{"line":55,"column":null}},"type":"if","locations":[{"start":{"line":55,"column":4},"end":{"line":55,"column":null}},{"start":{},"end":{}}],"line":55},"6":{"loc":{"start":{"line":61,"column":6},"end":{"line":69,"column":null}},"type":"if","locations":[{"start":{"line":61,"column":6},"end":{"line":69,"column":null}},{"start":{},"end":{}}],"line":61},"7":{"loc":{"start":{"line":62,"column":8},"end":{"line":67,"column":55}},"type":"binary-expr","locations":[{"start":{"line":62,"column":8},"end":{"line":62,"column":null}},{"start":{"line":63,"column":8},"end":{"line":63,"column":null}},{"start":{"line":64,"column":8},"end":{"line":64,"column":null}},{"start":{"line":65,"column":8},"end":{"line":65,"column":39}},{"start":{"line":66,"column":8},"end":{"line":66,"column":34}},{"start":{"line":67,"column":8},"end":{"line":67,"column":55}}],"line":62},"8":{"loc":{"start":{"line":72,"column":6},"end":{"line":73,"column":null}},"type":"if","locations":[{"start":{"line":72,"column":6},"end":{"line":73,"column":null}},{"start":{},"end":{}}],"line":72},"9":{"loc":{"start":{"line":73,"column":8},"end":{"line":73,"column":null}},"type":"if","locations":[{"start":{"line":73,"column":8},"end":{"line":73,"column":null}},{"start":{},"end":{}}],"line":73},"10":{"loc":{"start":{"line":95,"column":8},"end":{"line":99,"column":null}},"type":"if","locations":[{"start":{"line":95,"column":8},"end":{"line":99,"column":null}},{"start":{},"end":{}}],"line":95},"11":{"loc":{"start":{"line":95,"column":12},"end":{"line":95,"column":61}},"type":"binary-expr","locations":[{"start":{"line":95,"column":12},"end":{"line":95,"column":24}},{"start":{"line":95,"column":24},"end":{"line":95,"column":61}}],"line":95},"12":{"loc":{"start":{"line":98,"column":24},"end":{"line":98,"column":null}},"type":"cond-expr","locations":[{"start":{"line":98,"column":42},"end":{"line":98,"column":58}},{"start":{"line":98,"column":61},"end":{"line":98,"column":null}}],"line":98},"13":{"loc":{"start":{"line":107,"column":4},"end":{"line":109,"column":null}},"type":"if","locations":[{"start":{"line":107,"column":4},"end":{"line":109,"column":null}},{"start":{},"end":{}}],"line":107},"14":{"loc":{"start":{"line":108,"column":6},"end":{"line":108,"column":null}},"type":"if","locations":[{"start":{"line":108,"column":6},"end":{"line":108,"column":null}},{"start":{},"end":{}}],"line":108},"15":{"loc":{"start":{"line":116,"column":33},"end":{"line":116,"column":null}},"type":"binary-expr","locations":[{"start":{"line":116,"column":33},"end":{"line":116,"column":60}},{"start":{"line":116,"column":60},"end":{"line":116,"column":null}}],"line":116},"16":{"loc":{"start":{"line":131,"column":8},"end":{"line":131,"column":null}},"type":"if","locations":[{"start":{"line":131,"column":8},"end":{"line":131,"column":null}},{"start":{},"end":{}}],"line":131},"17":{"loc":{"start":{"line":137,"column":10},"end":{"line":137,"column":null}},"type":"if","locations":[{"start":{"line":137,"column":10},"end":{"line":137,"column":null}},{"start":{},"end":{}}],"line":137},"18":{"loc":{"start":{"line":143,"column":12},"end":{"line":160,"column":null}},"type":"if","locations":[{"start":{"line":143,"column":12},"end":{"line":160,"column":null}},{"start":{},"end":{}}],"line":143},"19":{"loc":{"start":{"line":145,"column":14},"end":{"line":146,"column":null}},"type":"if","locations":[{"start":{"line":145,"column":14},"end":{"line":146,"column":null}},{"start":{"line":146,"column":23},"end":{"line":146,"column":null}}],"line":145},"20":{"loc":{"start":{"line":146,"column":23},"end":{"line":146,"column":null}},"type":"if","locations":[{"start":{"line":146,"column":23},"end":{"line":146,"column":null}},{"start":{},"end":{}}],"line":146},"21":{"loc":{"start":{"line":149,"column":33},"end":{"line":149,"column":null}},"type":"binary-expr","locations":[{"start":{"line":149,"column":33},"end":{"line":149,"column":72}},{"start":{"line":149,"column":76},"end":{"line":149,"column":null}}],"line":149},"22":{"loc":{"start":{"line":154,"column":31},"end":{"line":154,"column":null}},"type":"binary-expr","locations":[{"start":{"line":154,"column":31},"end":{"line":154,"column":50}},{"start":{"line":154,"column":50},"end":{"line":154,"column":null}}],"line":154},"23":{"loc":{"start":{"line":164,"column":10},"end":{"line":164,"column":null}},"type":"if","locations":[{"start":{"line":164,"column":10},"end":{"line":164,"column":null}},{"start":{},"end":{}}],"line":164},"24":{"loc":{"start":{"line":170,"column":8},"end":{"line":176,"column":null}},"type":"if","locations":[{"start":{"line":170,"column":8},"end":{"line":176,"column":null}},{"start":{},"end":{}}],"line":170},"25":{"loc":{"start":{"line":184,"column":4},"end":{"line":185,"column":null}},"type":"if","locations":[{"start":{"line":184,"column":4},"end":{"line":185,"column":null}},{"start":{},"end":{}}],"line":184}},"s":{"0":4,"1":4,"2":4,"3":4,"4":0,"5":4,"6":4,"7":4,"8":0,"9":0,"10":4,"11":6,"12":6,"13":6,"14":6,"15":11,"16":0,"17":11,"18":2,"19":9,"20":1,"21":8,"22":1,"23":7,"24":7,"25":7,"26":2,"27":5,"28":1,"29":2,"30":0,"31":0,"32":5,"33":6,"34":6,"35":6,"36":6,"37":6,"38":11,"39":5,"40":6,"41":6,"42":6,"43":2,"44":0,"45":2,"46":4,"47":4,"48":4,"49":6,"50":6,"51":6,"52":6,"53":6,"54":5,"55":5,"56":4,"57":4,"58":4,"59":0,"60":4,"61":4,"62":5,"63":4,"64":4,"65":0,"66":4,"67":5,"68":5,"69":2,"70":2,"71":1,"72":1,"73":1,"74":2,"75":2,"76":2,"77":0,"78":0,"79":0,"80":0,"81":4,"82":0,"83":4,"84":4,"85":0,"86":4,"87":0},"f":{"0":4,"1":4,"2":0,"3":4,"4":11,"5":2,"6":6,"7":11,"8":4,"9":4,"10":5,"11":0},"b":{"0":[0,4],"1":[0,11],"2":[2,9],"3":[11,10],"4":[1,8],"5":[1,7],"6":[2,5],"7":[7,6,5,5,5,5],"8":[1,4],"9":[0,1],"10":[5,6],"11":[11,11],"12":[5,0],"13":[2,4],"14":[0,2],"15":[4,4],"16":[0,4],"17":[0,4],"18":[2,3],"19":[1,1],"20":[1,0],"21":[2,0],"22":[2,0],"23":[0,0],"24":[0,4],"25":[0,4]},"meta":{"lastBranch":26,"lastFunction":12,"lastStatement":88,"seen":{"f:15:22:15:Infinity":0,"s:19:20:19:Infinity":0,"s:20:40:20:Infinity":1,"s:22:2:36:Infinity":2,"f:22:13:22:22":1,"s:24:24:26:38":3,"f:24:24:24:41":2,"s:25:6:25:Infinity":4,"s:28:4:35:Infinity":5,"f:28:66:28:69":3,"s:29:6:29:Infinity":6,"b:30:6:32:Infinity:undefined:undefined:undefined:undefined":0,"s:30:6:32:Infinity":7,"s:31:8:31:Infinity":8,"s:32:8:32:Infinity":9,"s:34:6:34:Infinity":10,"s:40:14:40:Infinity":11,"s:41:16:41:Infinity":12,"s:42:23:42:Infinity":13,"s:44:24:44:Infinity":14,"f:49:2:49:10":4,"b:50:4:50:Infinity:undefined:undefined:undefined:undefined":1,"s:50:4:50:Infinity":15,"s:50:14:50:Infinity":16,"b:53:4:53:Infinity:undefined:undefined:undefined:undefined":2,"s:53:4:53:Infinity":17,"b:53:8:53:35:53:39:53:76":3,"s:53:78:53:Infinity":18,"b:54:4:54:Infinity:undefined:undefined:undefined:undefined":4,"s:54:4:54:Infinity":19,"s:54:35:54:Infinity":20,"b:55:4:55:Infinity:undefined:undefined:undefined:undefined":5,"s:55:4:55:Infinity":21,"s:55:39:55:Infinity":22,"s:57:4:76:Infinity":23,"s:58:23:58:Infinity":24,"b:61:6:69:Infinity:undefined:undefined:undefined:undefined":6,"s:61:6:69:Infinity":25,"b:62:8:62:Infinity:63:8:63:Infinity:64:8:64:Infinity:65:8:65:39:66:8:66:34:67:8:67:55":7,"s:69:8:69:Infinity":26,"b:72:6:73:Infinity:undefined:undefined:undefined:undefined":8,"s:72:6:73:Infinity":27,"b:73:8:73:Infinity:undefined:undefined:undefined:undefined":9,"s:73:8:73:Infinity":28,"f:73:34:73:39":5,"s:73:44:73:64":29,"s:73:67:73:Infinity":30,"s:76:6:76:Infinity":31,"s:79:4:79:Infinity":32,"f:82:8:82:Infinity":6,"s:87:4:87:Infinity":33,"s:88:22:88:32":34,"s:89:32:89:34":35,"s:92:98:92:100":36,"s:93:4:102:Infinity":37,"f:94:6:94:19":7,"b:95:8:99:Infinity:undefined:undefined:undefined:undefined":10,"s:95:8:99:Infinity":38,"b:95:12:95:24:95:24:95:61":11,"s:96:10:99:Infinity":39,"b:98:42:98:58:98:61:98:Infinity":12,"s:104:18:104:Infinity":40,"s:105:10:105:20":41,"b:107:4:109:Infinity:undefined:undefined:undefined:undefined":13,"s:107:4:109:Infinity":42,"b:108:6:108:Infinity:undefined:undefined:undefined:undefined":14,"s:108:6:108:Infinity":43,"s:108:22:108:Infinity":44,"s:109:6:109:Infinity":45,"s:114:23:114:Infinity":46,"s:115:10:115:62":47,"s:116:33:116:Infinity":48,"b:116:33:116:60:116:60:116:Infinity":15,"s:117:18:117:60":49,"s:118:23:118:Infinity":50,"s:121:26:121:51":51,"s:122:20:122:72":52,"s:123:4:125:Infinity":53,"s:124:6:124:Infinity":54,"s:125:6:125:Infinity":55,"s:129:26:179:Infinity":56,"f:129:34:129:39":8,"s:130:6:178:Infinity":57,"f:130:23:130:35":9,"b:131:8:131:Infinity:undefined:undefined:undefined:undefined":16,"s:131:8:131:Infinity":58,"s:131:30:131:Infinity":59,"s:133:8:166:Infinity":60,"s:134:23:134:84":61,"f:134:29:134:33":10,"s:134:39:134:84":62,"s:135:25:135:88":63,"b:137:10:137:Infinity:undefined:undefined:undefined:undefined":17,"s:137:10:137:Infinity":64,"s:137:32:137:Infinity":65,"s:140:10:160:Infinity":66,"s:141:12:141:Infinity":67,"b:143:12:160:Infinity:undefined:undefined:undefined:undefined":18,"s:143:12:160:Infinity":68,"s:144:28:144:55":69,"b:145:14:146:Infinity:146:23:146:Infinity":19,"s:145:14:146:Infinity":70,"s:145:49:145:Infinity":71,"b:146:23:146:Infinity:undefined:undefined:undefined:undefined":20,"s:146:23:146:Infinity":72,"s:146:45:146:Infinity":73,"s:148:31:148:64":74,"s:149:33:149:Infinity":75,"b:149:33:149:72:149:76:149:Infinity":21,"s:151:14:160:Infinity":76,"b:154:31:154:50:154:50:154:Infinity":22,"b:164:10:164:Infinity:undefined:undefined:undefined:undefined":23,"s:164:10:164:Infinity":77,"s:164:32:164:Infinity":78,"s:165:10:165:Infinity":79,"s:166:10:166:Infinity":80,"b:170:8:176:Infinity:undefined:undefined:undefined:undefined":24,"s:170:8:176:Infinity":81,"s:171:10:176:Infinity":82,"s:182:4:182:Infinity":83,"b:184:4:185:Infinity:undefined:undefined:undefined:undefined":25,"s:184:4:185:Infinity":84,"s:185:6:185:Infinity":85,"s:188:4:196:Infinity":86,"f:199:2:199:17":11,"s:200:4:200:Infinity":87}}}
,"/Users/lyon/App/BookmarkHero/src/core/scanners/duplicate.scanner.ts": {"path":"/Users/lyon/App/BookmarkHero/src/core/scanners/duplicate.scanner.ts","statementMap":{"0":{"start":{"line":7,"column":14},"end":{"line":7,"column":null}},"1":{"start":{"line":8,"column":16},"end":{"line":8,"column":null}},"2":{"start":{"line":9,"column":23},"end":{"line":9,"column":null}},"3":{"start":{"line":11,"column":24},"end":{"line":11,"column":null}},"4":{"start":{"line":18,"column":4},"end":{"line":18,"column":null}},"5":{"start":{"line":19,"column":22},"end":{"line":19,"column":32}},"6":{"start":{"line":20,"column":32},"end":{"line":20,"column":34}},"7":{"start":{"line":21,"column":10},"end":{"line":21,"column":20}},"8":{"start":{"line":24,"column":92},"end":{"line":24,"column":94}},"9":{"start":{"line":26,"column":4},"end":{"line":36,"column":null}},"10":{"start":{"line":28,"column":8},"end":{"line":33,"column":null}},"11":{"start":{"line":29,"column":10},"end":{"line":33,"column":null}},"12":{"start":{"line":38,"column":23},"end":{"line":38,"column":null}},"13":{"start":{"line":42,"column":19},"end":{"line":42,"column":97}},"14":{"start":{"line":44,"column":4},"end":{"line":66,"column":null}},"15":{"start":{"line":44,"column":17},"end":{"line":44,"column":20}},"16":{"start":{"line":45,"column":6},"end":{"line":45,"column":null}},"17":{"start":{"line":45,"column":28},"end":{"line":45,"column":null}},"18":{"start":{"line":47,"column":19},"end":{"line":47,"column":null}},"19":{"start":{"line":48,"column":23},"end":{"line":48,"column":null}},"20":{"start":{"line":50,"column":6},"end":{"line":50,"column":null}},"21":{"start":{"line":52,"column":6},"end":{"line":58,"column":null}},"22":{"start":{"line":53,"column":8},"end":{"line":58,"column":null}},"23":{"start":{"line":62,"column":12},"end":{"line":62,"column":52}},"24":{"start":{"line":64,"column":23},"end":{"line":64,"column":51}},"25":{"start":{"line":65,"column":6},"end":{"line":65,"column":null}},"26":{"start":{"line":66,"column":6},"end":{"line":66,"column":null}},"27":{"start":{"line":70,"column":30},"end":{"line":70,"column":null}},"28":{"start":{"line":71,"column":4},"end":{"line":97,"column":null}},"29":{"start":{"line":72,"column":6},"end":{"line":72,"column":null}},"30":{"start":{"line":72,"column":28},"end":{"line":72,"column":null}},"31":{"start":{"line":74,"column":6},"end":{"line":97,"column":null}},"32":{"start":{"line":75,"column":8},"end":{"line":75,"column":null}},"33":{"start":{"line":77,"column":8},"end":{"line":97,"column":null}},"34":{"start":{"line":77,"column":21},"end":{"line":77,"column":24}},"35":{"start":{"line":78,"column":27},"end":{"line":78,"column":null}},"36":{"start":{"line":79,"column":23},"end":{"line":79,"column":null}},"37":{"start":{"line":80,"column":31},"end":{"line":80,"column":null}},"38":{"start":{"line":82,"column":10},"end":{"line":97,"column":null}},"39":{"start":{"line":102,"column":4},"end":{"line":108,"column":null}},"40":{"start":{"line":103,"column":8},"end":{"line":108,"column":null}},"41":{"start":{"line":111,"column":4},"end":{"line":119,"column":null}},"42":{"start":{"line":123,"column":4},"end":{"line":123,"column":null}}},"fnMap":{"0":{"name":"(anonymous_0)","decl":{"start":{"line":13,"column":8},"end":{"line":13,"column":null}},"loc":{"start":{"line":17,"column":25},"end":{"line":119,"column":null}},"line":17},"1":{"name":"(anonymous_1)","decl":{"start":{"line":27,"column":6},"end":{"line":27,"column":19}},"loc":{"start":{"line":27,"column":34},"end":{"line":36,"column":6}},"line":27},"2":{"name":"(anonymous_2)","decl":{"start":{"line":122,"column":2},"end":{"line":122,"column":17}},"loc":{"start":{"line":122,"column":17},"end":{"line":123,"column":null}},"line":122}},"branchMap":{"0":{"loc":{"start":{"line":28,"column":8},"end":{"line":33,"column":null}},"type":"if","locations":[{"start":{"line":28,"column":8},"end":{"line":33,"column":null}},{"start":{},"end":{}}],"line":28},"1":{"loc":{"start":{"line":32,"column":19},"end":{"line":32,"column":null}},"type":"cond-expr","locations":[{"start":{"line":32,"column":37},"end":{"line":32,"column":53}},{"start":{"line":32,"column":56},"end":{"line":32,"column":null}}],"line":32},"2":{"loc":{"start":{"line":45,"column":6},"end":{"line":45,"column":null}},"type":"if","locations":[{"start":{"line":45,"column":6},"end":{"line":45,"column":null}},{"start":{},"end":{}}],"line":45},"3":{"loc":{"start":{"line":52,"column":6},"end":{"line":58,"column":null}},"type":"if","locations":[{"start":{"line":52,"column":6},"end":{"line":58,"column":null}},{"start":{},"end":{}}],"line":52},"4":{"loc":{"start":{"line":52,"column":10},"end":{"line":52,"column":39}},"type":"binary-expr","locations":[{"start":{"line":52,"column":10},"end":{"line":52,"column":24}},{"start":{"line":52,"column":24},"end":{"line":52,"column":39}}],"line":52},"5":{"loc":{"start":{"line":57,"column":56},"end":{"line":57,"column":96}},"type":"binary-expr","locations":[{"start":{"line":57,"column":56},"end":{"line":57,"column":88}},{"start":{"line":57,"column":92},"end":{"line":57,"column":96}}],"line":57},"6":{"loc":{"start":{"line":64,"column":23},"end":{"line":64,"column":51}},"type":"binary-expr","locations":[{"start":{"line":64,"column":23},"end":{"line":64,"column":45}},{"start":{"line":64,"column":49},"end":{"line":64,"column":51}}],"line":64},"7":{"loc":{"start":{"line":72,"column":6},"end":{"line":72,"column":null}},"type":"if","locations":[{"start":{"line":72,"column":6},"end":{"line":72,"column":null}},{"start":{},"end":{}}],"line":72},"8":{"loc":{"start":{"line":74,"column":6},"end":{"line":97,"column":null}},"type":"if","locations":[{"start":{"line":74,"column":6},"end":{"line":97,"column":null}},{"start":{},"end":{}}],"line":74},"9":{"loc":{"start":{"line":85,"column":27},"end":{"line":85,"column":null}},"type":"binary-expr","locations":[{"start":{"line":85,"column":27},"end":{"line":85,"column":41}},{"start":{"line":85,"column":41},"end":{"line":85,"column":null}}],"line":85},"10":{"loc":{"start":{"line":88,"column":59},"end":{"line":88,"column":90}},"type":"binary-expr","locations":[{"start":{"line":88,"column":59},"end":{"line":88,"column":86}},{"start":{"line":88,"column":86},"end":{"line":88,"column":90}}],"line":88},"11":{"loc":{"start":{"line":102,"column":4},"end":{"line":108,"column":null}},"type":"if","locations":[{"start":{"line":102,"column":4},"end":{"line":108,"column":null}},{"start":{},"end":{}}],"line":102}},"s":{"0":1,"1":1,"2":1,"3":1,"4":8,"5":8,"6":8,"7":8,"8":8,"9":8,"10":213,"11":213,"12":8,"13":8,"14":8,"15":8,"16":213,"17":0,"18":213,"19":213,"20":213,"21":213,"22":2,"23":213,"24":213,"25":213,"26":213,"27":8,"28":8,"29":207,"30":0,"31":207,"32":5,"33":5,"34":5,"35":6,"36":6,"37":6,"38":6,"39":8,"40":1,"41":8,"42":0},"f":{"0":8,"1":213,"2":0},"b":{"0":[213,0],"1":[213,0],"2":[0,213],"3":[2,211],"4":[213,200],"5":[2,0],"6":[213,207],"7":[0,207],"8":[5,202],"9":[6,0],"10":[6,0],"11":[1,7]},"meta":{"lastBranch":12,"lastFunction":3,"lastStatement":43,"seen":{"s:7:14:7:Infinity":0,"s:8:16:8:Infinity":1,"s:9:23:9:Infinity":2,"s:11:24:11:Infinity":3,"f:13:8:13:Infinity":0,"s:18:4:18:Infinity":4,"s:19:22:19:32":5,"s:20:32:20:34":6,"s:21:10:21:20":7,"s:24:92:24:94":8,"s:26:4:36:Infinity":9,"f:27:6:27:19":1,"b:28:8:33:Infinity:undefined:undefined:undefined:undefined":0,"s:28:8:33:Infinity":10,"s:29:10:33:Infinity":11,"b:32:37:32:53:32:56:32:Infinity":1,"s:38:23:38:Infinity":12,"s:42:19:42:97":13,"s:44:4:66:Infinity":14,"s:44:17:44:20":15,"b:45:6:45:Infinity:undefined:undefined:undefined:undefined":2,"s:45:6:45:Infinity":16,"s:45:28:45:Infinity":17,"s:47:19:47:Infinity":18,"s:48:23:48:Infinity":19,"s:50:6:50:Infinity":20,"b:52:6:58:Infinity:undefined:undefined:undefined:undefined":3,"s:52:6:58:Infinity":21,"b:52:10:52:24:52:24:52:39":4,"s:53:8:58:Infinity":22,"b:57:56:57:88:57:92:57:96":5,"s:62:12:62:52":23,"s:64:23:64:51":24,"b:64:23:64:45:64:49:64:51":6,"s:65:6:65:Infinity":25,"s:66:6:66:Infinity":26,"s:70:30:70:Infinity":27,"s:71:4:97:Infinity":28,"b:72:6:72:Infinity:undefined:undefined:undefined:undefined":7,"s:72:6:72:Infinity":29,"s:72:28:72:Infinity":30,"b:74:6:97:Infinity:undefined:undefined:undefined:undefined":8,"s:74:6:97:Infinity":31,"s:75:8:75:Infinity":32,"s:77:8:97:Infinity":33,"s:77:21:77:24":34,"s:78:27:78:Infinity":35,"s:79:23:79:Infinity":36,"s:80:31:80:Infinity":37,"s:82:10:97:Infinity":38,"b:85:27:85:41:85:41:85:Infinity":9,"b:88:59:88:86:88:86:88:90":10,"b:102:4:108:Infinity:undefined:undefined:undefined:undefined":11,"s:102:4:108:Infinity":39,"s:103:8:108:Infinity":40,"s:111:4:119:Infinity":41,"f:122:2:122:17":2,"s:123:4:123:Infinity":42}}}
,"/Users/lyon/App/BookmarkHero/src/core/scanners/empty-folder.scanner.ts": {"path":"/Users/lyon/App/BookmarkHero/src/core/scanners/empty-folder.scanner.ts","statementMap":{"0":{"start":{"line":11,"column":14},"end":{"line":11,"column":null}},"1":{"start":{"line":12,"column":16},"end":{"line":12,"column":null}},"2":{"start":{"line":13,"column":23},"end":{"line":13,"column":null}},"3":{"start":{"line":15,"column":24},"end":{"line":15,"column":null}},"4":{"start":{"line":22,"column":4},"end":{"line":22,"column":null}},"5":{"start":{"line":23,"column":22},"end":{"line":23,"column":32}},"6":{"start":{"line":24,"column":32},"end":{"line":24,"column":34}},"7":{"start":{"line":25,"column":23},"end":{"line":25,"column":null}},"8":{"start":{"line":26,"column":10},"end":{"line":26,"column":20}},"9":{"start":{"line":29,"column":57},"end":{"line":29,"column":59}},"10":{"start":{"line":30,"column":10},"end":{"line":37,"column":null}},"11":{"start":{"line":31,"column":6},"end":{"line":37,"column":null}},"12":{"start":{"line":33,"column":8},"end":{"line":34,"column":null}},"13":{"start":{"line":34,"column":10},"end":{"line":34,"column":null}},"14":{"start":{"line":36,"column":8},"end":{"line":37,"column":null}},"15":{"start":{"line":37,"column":10},"end":{"line":37,"column":null}},"16":{"start":{"line":41,"column":4},"end":{"line":41,"column":null}},"17":{"start":{"line":44,"column":4},"end":{"line":75,"column":null}},"18":{"start":{"line":44,"column":17},"end":{"line":44,"column":20}},"19":{"start":{"line":46,"column":8},"end":{"line":47,"column":null}},"20":{"start":{"line":47,"column":10},"end":{"line":47,"column":null}},"21":{"start":{"line":50,"column":23},"end":{"line":50,"column":null}},"22":{"start":{"line":51,"column":8},"end":{"line":51,"column":null}},"23":{"start":{"line":54,"column":8},"end":{"line":60,"column":null}},"24":{"start":{"line":55,"column":12},"end":{"line":60,"column":null}},"25":{"start":{"line":65,"column":24},"end":{"line":65,"column":51}},"26":{"start":{"line":67,"column":8},"end":{"line":75,"column":null}},"27":{"start":{"line":68,"column":12},"end":{"line":75,"column":null}},"28":{"start":{"line":80,"column":4},"end":{"line":86,"column":null}},"29":{"start":{"line":81,"column":8},"end":{"line":86,"column":null}},"30":{"start":{"line":89,"column":4},"end":{"line":97,"column":null}},"31":{"start":{"line":105,"column":6},"end":{"line":105,"column":null}},"32":{"start":{"line":105,"column":20},"end":{"line":105,"column":null}},"33":{"start":{"line":106,"column":6},"end":{"line":106,"column":null}},"34":{"start":{"line":106,"column":56},"end":{"line":106,"column":null}},"35":{"start":{"line":108,"column":6},"end":{"line":110,"column":null}},"36":{"start":{"line":109,"column":10},"end":{"line":110,"column":null}},"37":{"start":{"line":110,"column":14},"end":{"line":110,"column":null}},"38":{"start":{"line":
[...]
":{"line":87,"column":33},"end":{"line":89,"column":null}},"line":87},"10":{"name":"(anonymous_10)","decl":{"start":{"line":91,"column":17},"end":{"line":91,"column":24}},"loc":{"start":{"line":91,"column":40},"end":{"line":92,"column":null}},"line":91},"11":{"name":"(anonymous_11)","decl":{"start":{"line":94,"column":20},"end":{"line":94,"column":27}},"loc":{"start":{"line":94,"column":36},"end":{"line":95,"column":null}},"line":94}},"branchMap":{"0":{"loc":{"start":{"line":52,"column":8},"end":{"line":53,"column":null}},"type":"if","locations":[{"start":{"line":52,"column":8},"end":{"line":53,"column":null}},{"start":{},"end":{}}],"line":52},"1":{"loc":{"start":{"line":52,"column":12},"end":{"line":52,"column":45}},"type":"binary-expr","locations":[{"start":{"line":52,"column":12},"end":{"line":52,"column":20}},{"start":{"line":52,"column":20},"end":{"line":52,"column":45}}],"line":52},"2":{"loc":{"start":{"line":56,"column":8},"end":{"line":77,"column":null}},"type":"if","locations":[{"start":{"line":56,"column":8},"end":{"line":77,"column":null}},{"start":{},"end":{}}],"line":56},"3":{"loc":{"start":{"line":59,"column":12},"end":{"line":66,"column":null}},"type":"if","locations":[{"start":{"line":59,"column":12},"end":{"line":66,"column":null}},{"start":{"line":62,"column":23},"end":{"line":66,"column":null}}],"line":59},"4":{"loc":{"start":{"line":62,"column":23},"end":{"line":66,"column":null}},"type":"if","locations":[{"start":{"line":62,"column":23},"end":{"line":66,"column":null}},{"start":{"line":65,"column":19},"end":{"line":66,"column":null}}],"line":62},"5":{"loc":{"start":{"line":72,"column":16},"end":{"line":72,"column":null}},"type":"cond-expr","locations":[{"start":{"line":72,"column":33},"end":{"line":72,"column":62}},{"start":{"line":72,"column":62},"end":{"line":72,"column":null}}],"line":72},"6":{"loc":{"start":{"line":89,"column":18},"end":{"line":89,"column":null}},"type":"binary-expr","locations":[{"start":{"line":89,"column":18},"end":{"line":89,"column":45}},{"start":{"line":89,"column":45},"end":{"line":89,"column":null}}],"line":89}},"s":{"0":0,"1":0,"2":0,"3":0,"4":0,"5":0,"6":0,"7":0,"8":0,"9":0,"10":0,"11":0,"12":0,"13":0,"14":0,"15":0,"16":0,"17":0,"18":0,"19":0,"20":0,"21":0,"22":0,"23":0,"24":0,"25":0,"26":0,"27":0,"28":0,"29":0,"30":0,"31":0},"f":{"0":0,"1":0,"2":0,"3":0,"4":0,"5":0,"6":0,"7":0,"8":0,"9":0,"10":0,"11":0},"b":{"0":[0,0],"1":[0,0],"2":[0,0],"3":[0,0],"4":[0,0],"5":[0,0],"6":[0,0]},"meta":{"lastBranch":7,"lastFunction":12,"lastStatement":32,"seen":{"s:28:17:28:Infinity":0,"s:30:13:99:Infinity":1,"f:31:2:31:Infinity":0,"s:32:19:83:Infinity":2,"f:35:6:35:15":1,"s:36:37:40:Infinity":3,"s:42:8:45:Infinity":4,"f:42:8:42:13":2,"s:43:28:43:70":5,"s:44:10:44:Infinity":6,"f:48:15:48:22":3,"s:49:22:49:27":7,"s:50:20:50:56":8,"f:50:31:50:36":4,"s:50:41:50:56":9,"b:52:8:53:Infinity:undefined:undefined:undefined:undefined":0,"s:52:8:53:Infinity":10,"b:52:12:52:20:52:20:52:45":1,"s:53:10:53:Infinity":11,"b:56:8:77:Infinity:undefined:undefined:undefined:undefined":2,"s:56:8:77:Infinity":12,"s:57:10:77:Infinity":13,"b:59:12:66:Infinity:62:23:66:Infinity":3,"s:59:12:66:Infinity":14,"s:60:29:60:47":15,"s:61:14:61:Infinity":16,"b:62:23:66:Infinity:65:19:66:Infinity":4,"s:62:23:66:Infinity":17,"s:63:29:63:45":18,"s:64:14:64:Infinity":19,"s:66:14:66:Infinity":20,"s:70:12:74:Infinity":21,"f:70:12:70:17":5,"s:70:28:73:Infinity":22,"f:71:31:71:35":6,"s:72:16:72:Infinity":23,"b:72:33:72:62:72:62:72:Infinity":5,"s:76:12:76:Infinity":24,"s:77:12:77:Infinity":25,"f:82:6:82:23":7,"s:82:23:82:Infinity":26,"f:86:15:86:40":8,"s:86:40:97:Infinity":27,"f:87:17:87:24":9,"s:88:25:88:61":28,"s:89:10:89:Infinity":29,"b:89:18:89:45:89:45:89:Infinity":6,"f:91:17:91:24":10,"s:92:10:92:Infinity":30,"f:94:20:94:27":11,"s:95:10:95:Infinity":31}}}
,"/Users/lyon/App/BookmarkHero/src/stores/scanner.store.ts": {"path":"/Users/lyon/App/BookmarkHero/src/stores/scanner.store.ts","statementMap":{"0":{"start":{"line":48,"column":13},"end":{"line":166,"column":3}},"1":{"start":{"line":48,"column":67},"end":{"line":166,"column":3}},"2":{"start":{"line":56,"column":18},"end":{"line":56,"column":23}},"3":{"start":{"line":57,"column":4},"end":{"line":59,"column":null}},"4":{"start":{"line":58,"column":6},"end":{"line":58,"column":null}},"5":{"start":{"line":59,"column":6},"end":{"line":59,"column":null}},"6":{"start":{"line":63,"column":20},"end":{"line":63,"column":64}},"7":{"start":{"line":63,"column":45},"end":{"line":63,"column":64}},"8":{"start":{"line":64,"column":4},"end":{"line":66,"column":null}},"9":{"start":{"line":65,"column":6},"end":{"line":65,"column":null}},"10":{"start":{"line":66,"column":6},"end":{"line":66,"column":null}},"11":{"start":{"line":70,"column":10},"end":{"line":70,"column":20}},"12":{"start":{"line":71,"column":4},"end":{"line":75,"column":null}},"13":{"start":{"line":77,"column":4},"end":{"line":97,"column":null}},"14":{"start":{"line":79,"column":21},"end":{"line":82,"column":null}},"15":{"start":{"line":81,"column":8},"end":{"line":81,"column":null}},"16":{"start":{"line":85,"column":6},"end":{"line":93,"column":null}},"17":{"start":{"line":85,"column":22},"end":{"line":93,"column":9}},"18":{"start":{"line":95,"column":6},"end":{"line":95,"column":null}},"19":{"start":{"line":97,"column":6},"end":{"line":97,"column":null}},"20":{"start":{"line":102,"column":18},"end":{"line":102,"column":23}},"21":{"start":{"line":104,"column":4},"end":{"line":110,"column":null}},"22":{"start":{"line":105,"column":23},"end":{"line":105,"column":79}},"23":{"start":{"line":105,"column":48},"end":{"line":105,"column":79}},"24":{"start":{"line":106,"column":7},"end":{"line":107,"column":null}},"25":{"start":{"line":107,"column":9},"end":{"line":107,"column":null}},"26":{"start":{"line":110,"column":7},"end":{"line":110,"column":null}},"27":{"start":{"line":115,"column":4},"end":{"line":119,"column":null}},"28":{"start":{"line":116,"column":25},"end":{"line":116,"column":45}},"29":{"start":{"line":117,"column":6},"end":{"line":117,"column":null}},"30":{"start":{"line":118,"column":6},"end":{"line":118,"column":null}},"31":{"start":{"line":123,"column":4},"end":{"line":141,"column":null}},"32":{"start":{"line":124,"column":21},"end":{"line":124,"column":null}},"33":{"start":{"line":125,"column":6},"end":{"line":125,"column":null}},"34":{"start":{"line":125,"column":19},"end":{"line":125,"column":null}},"35":{"start":{"line":127,"column":24},"end":{"line":127,"column":67}},"36":{"start":{"line":127,"column":50},"end":{"line":127,"column":67}},"37":{"start":{"line":128,"column":6},"end":{"line":140,"column":null}},"38":{"start":{"line":145,"column":4},"end":{"line":164,"column":null}},"39":{"start":{"line":146,"column":21},"end":{"line":146,"column":null}},"40":{"start":{"line":147,"column":6},"end":{"line":147,"column":null}},"41":{"start":{"line":147,"column":19},"end":{"line":147,"column":null}},"42":{"start":{"line":149,"column":21},"end":{"line":149,"column":38}},"43":{"start":{"line":150,"column":24},"end":{"line":150,"column":68}},"44":{"start":{"line":150,"column":50},"end":{"line":150,"column":67}},"45":{"start":{"line":151,"column":6},"end":{"line":163,"column":null}}},"fnMap":{"0":{"name":"(anonymous_0)","decl":{"start":{"line":48,"column":31},"end":{"line":48,"column":53}},"loc":{"start":{"line":48,"column":67},"end":{"line":166,"column":3}},"line":48},"1":{"name":"(anonymous_1)","decl":{"start":{"line":55,"column":13},"end":{"line":55,"column":20}},"loc":{"start":{"line":55,"column":54},"end":{"line":97,"column":null}},"line":55},"2":{"name":"(anonymous_2)","decl":{"start":{"line":63,"column":35},"end":{"line":63,"column":40}},"loc":{"start":{"line":63,"column":45},"end":{"line":63,"column":64}},"line":63},"3":{"name":"(anonymous_3)","decl":{"start":{"line":79,"column":51},"end":{"line":79,"column":61}},"loc":{"start":{"line":79,"column":74},"end":{"line":82,"column":null}},"line":79},"4":{"name":"(anonymous_4)","decl":{"start":{"line":85,"column":6},"end":{"line":85,"column":11}},"loc":{"start":{"line":85,"column":22},"end":{"line":93,"column":9}},"line":85},"5":{"name":"(anonymous_5)","decl":{"start":{"line":101,"column":2},"end":{"line":101,"column":20}},"loc":{"start":{"line":101,"column":20},"end":{"line":110,"column":null}},"line":101},"6":{"name":"(anonymous_6)","decl":{"start":{"line":105,"column":38},"end":{"line":105,"column":43}},"loc":{"start":{"line":105,"column":48},"end":{"line":105,"column":79}},"line":105},"7":{"name":"(anonymous_7)","decl":{"start":{"line":114,"column":2},"end":{"line":114,"column":17}},"loc":{"start":{"line":114,"column":31},"end":{"line":119,"column":null}},"line":114},"8":{"name":"(anonymous_8)","decl":{"start":{"line":115,"column":4},"end":{"line":115,"column":9}},"loc":{"start":{"line":115,"column":19},"end":{"line":119,"column":null}},"line":115},"9":{"name":"(anonymous_9)","decl":{"start":{"line":122,"column":2},"end":{"line":122,"column":16}},"loc":{"start":{"line":122,"column":39},"end":{"line":141,"column":null}},"line":122},"10":{"name":"(anonymous_10)","decl":{"start":{"line":123,"column":4},"end":{"line":123,"column":9}},"loc":{"start":{"line":123,"column":19},"end":{"line":141,"column":null}},"line":123},"11":{"name":"(anonymous_11)","decl":{"start":{"line":127,"column":38},"end":{"line":127,"column":45}},"loc":{"start":{"line":127,"column":50},"end":{"line":127,"column":67}},"line":127},"12":{"name":"(anonymous_12)","decl":{"start":{"line":144,"column":2},"end":{"line":144,"column":22}},"loc":{"start":{"line":144,"column":46},"end":{"line":164,"column":null}},"line":144},"13":{"name":"(anonymous_13)","decl":{"start":{"line":145,"column":4},"end":{"line":145,"column":9}},"loc":{"start":{"line":145,"column":19},"end":{"line":164,"column":null}},"line":145},"14":{"name":"(anonymous_14)","decl":{"start":{"line":150,"column":38},"end":{"line":150,"column":45}},"loc":{"start":{"line":150,"column":50},"end":{"line":150,"column":67}},"line":150}},"branchMap":{"0":{"loc":{"start":{"line":57,"column":4},"end":{"line":59,"column":null}},"type":"if","locations":[{"start":{"line":57,"column":4},"end":{"line":59,"column":null}},{"start":{},"end":{}}],"line":57},"1":{"loc":{"start":{"line":64,"column":4},"end":{"line":66,"column":null}},"type":"if","locations":[{"start":{"line":64,"column":4},"end":{"line":66,"column":null}},{"start":{},"end":{}}],"line":64},"2":{"loc":{"start":{"line":104,"column":4},"end":{"line":110,"column":null}},"type":"if","locations":[{"start":{"line":104,"column":4},"end":{"line":110,"column":null}},{"start":{},"end":{}}],"line":104},"3":{"loc":{"start":{"line":104,"column":8},"end":{"line":104,"column":51}},"type":"binary-expr","locations":[{"start":{"line":104,"column":8},"end":{"line":104,"column":28}},{"start":{"line":104,"column":28},"end":{"line":104,"column":51}}],"line":104},"4":{"loc":{"start":{"line":106,"column":7},"end":{"line":107,"column":null}},"type":"if","locations":[{"start":{"line":106,"column":7},"end":{"line":107,"column":null}},{"start":{},"end":{}}],"line":106},"5":{"loc":{"start":{"line":125,"column":6},"end":{"line":125,"column":null}},"type":"if","locations":[{"start":{"line":125,"column":6},"end":{"line":125,"column":null}},{"start":{},"end":{}}],"line":125},"6":{"loc":{"start":{"line":147,"column":6},"end":{"line":147,"column":null}},"type":"if","locations":[{"start":{"line":147,"column":6},"end":{"line":147,"column":null}},{"start":{},"end":{}}],"line":147}},"s":{"0":0,"1":0,"2":0,"3":0,"4":0,"5":0,"6":0,"7":0,"8":0,"9":0,"10":0,"11":0,"12":0,"13":0,"14":0,"15":0,"16":0,"17":0,"18":0,"19":0,"20":0,"21":0,"22":0,"23":0,"24":0,"25":0,"26":0,"27":0,"28":0,"29":0,"30":0,"31":0,"32":0,"33":0,"34":0,"35":0,"36":0,"37":0,"38":0,"39":0,"40":0,"41":0,"42":0,"43":0,"44":0,"45":0},"f":{"0":0,"1":0,"2":0,"3":0,"4":0,"5":0,"6":0,"7":0,"8":0,"9":0,"10":0,"11":0,"12":0,"13":0,"14":0},"b":{"0":[0,0],"1":[0,0],"2":[0,0],"3":[0,0],"4":[0,0],"5":[0,0],"6":[0,0]},"meta":{"lastBranch":7,"lastFunction":15,"lastStatement":46,"seen":{"s:48:13:166:3":0,"f:48:31:48:53":0,"s:48:67:166:3":1,"f:55:13:55:20":1,"s:56:18:56:23":2,"b:57:4:59:Infinity:undefined:undefined:undefined:undefined":0,"s:57:4:59:Infinity":3,"s:58:6:58:Infinity":4,"s:59:6:59:Infinity":5,"s:63:20:63:64":6,"f:63:35:63:40":2,"s:63:45:63:64":7,"b:64:4:66:Infinity:undefined:undefined:undefined:undefined":1,"s:64:4:66:Infinity":8,"s:65:6:65:Infinity":9,"s:66:6:66:Infinity":10,"s:70:10:70:20":11,"s:71:4:75:Infinity":12,"s:77:4:97:Infinity":13,"s:79:21:82:Infinity":14,"f:79:51:79:61":3,"s:81:8:81:Infinity":15,"s:85:6:93:Infinity":16,"f:85:6:85:11":4,"s:85:22:93:9":17,"s:95:6:95:Infinity":18,"s:97:6:97:Infinity":19,"f:101:2:101:20":5,"s:102:18:102:23":20,"b:104:4:110:Infinity:undefined:undefined:undefined:undefined":2,"s:104:4:110:Infinity":21,"b:104:8:104:28:104:28:104:51":3,"s:105:23:105:79":22,"f:105:38:105:43":6,"s:105:48:105:79":23,"b:106:7:107:Infinity:undefined:undefined:undefined:undefined":4,"s:106:7:107:Infinity":24,"s:107:9:107:Infinity":25,"s:110:7:110:Infinity":26,"f:114:2:114:17":7,"s:115:4:119:Infinity":27,"f:115:4:115:9":8,"s:116:25:116:45":28,"s:117:6:117:Infinity":29,"s:118:6:118:Infinity":30,"f:122:2:122:16":9,"s:123:4:141:Infinity":31,"f:123:4:123:9":10,"s:124:21:124:Infinity":32,"b:125:6:125:Infinity:undefined:undefined:undefined:undefined":5,"s:125:6:125:Infinity":33,"s:125:19:125:Infinity":34,"s:127:24:127:67":35,"f:127:38:127:45":11,"s:127:50:127:67":36,"s:128:6:140:Infinity":37,"f:144:2:144:22":12,"s:145:4:164:Infinity":38,"f:145:4:145:9":13,"s:146:21:146:Infinity":39,"b:147:6:147:Infinity:undefined:undefined:undefined:undefined":6,"s:147:6:147:Infinity":40,"s:147:19:147:Infinity":41,"s:149:21:149:38":42,"s:150:24:150:68":43,"f:150:38:150:45":14,"s:150:50:150:67":44,"s:151:6:163:Infinity":45}}}
,"/Users/lyon/App/BookmarkHero/src/stores/settings.store.ts": {"path":"/Users/lyon/App/BookmarkHero/src/stores/settings.store.ts","statementMap":{"0":{"start":{"line":44,"column":13},"end":{"line":88,"column":null}},"1":{"start":{"line":46,"column":14},"end":{"line":79,"column":null}},"2":{"start":{"line":61,"column":10},"end":{"line":63,"column":13}},"3":{"start":{"line":61,"column":26},"end":{"line":62,"column":null}},"4":{"start":{"line":65,"column":10},"end":{"line":67,"column":13}},"5":{"start":{"line":65,"column":26},"end":{"line":66,"column":null}},"6":{"start":{"line":66,"column":61},"end":{"line":66,"column":74}},"7":{"start":{"line":69,"column":10},"end":{"line":69,"column":67}},"8":{"start":{"line":70,"column":46},"end":{"line":70,"column":71}},"9":{"start":{"line":71,"column":52},"end":{"line":71,"column":83}},"10":{"start":{"line":73,"column":63},"end":{"line":73,"column":91}},"11":{"start":{"line":74,"column":42},"end":{"line":74,"column":75}},"12":{"start":{"line":75,"column":43},"end":{"line":75,"column":77}},"13":{"start":{"line":76,"column":39},"end":{"line":76,"column":69}},"14":{"start":{"line":77,"column":43},"end":{"line":77,"column":null}},"15":{"start":{"line":84,"column":8},"end":{"line":84,"column":86}},"16":{"start":{"line":84,"column":67},"end":{"line":84,"column":85}},"17":{"start":{"line":86,"column":39},"end":{"line":86,"column":null}},"18":{"start":{"line":92,"column":13},"end":{"line":92,"column":82}},"19":{"start":{"line":92,"column":40},"end":{"line":92,"column":82}},"20":{"start":{"line":92,"column":68},"end":{"line":92,"column":82}}},"fnMap":{"0":{"name":"(anonymous_0)","decl":{"start":{"line":45,"column":2},"end":{"line":45,"column":null}},"loc":{"start":{"line":46,"column":14},"end":{"line":79,"column":null}},"line":46},"1":{"name":"(anonymous_1)","decl":{"start":{"line":60,"column":8},"end":{"line":60,"column":26}},"loc":{"start":{"line":61,"column":10},"end":{"line":63,"column":13}},"line":61},"2":{"name":"(anonymous_2)","decl":{"start":{"line":61,"column":10},"end":{"line":61,"column":15}},"loc":{"start":{"line":61,"column":26},"end":{"line":62,"column":null}},"line":61},"3":{"name":"(anonymous_3)","decl":{"start":{"line":64,"column":8},"end":{"line":64,"column":29}},"loc":{"start":{"line":65,"column":10},"end":{"line":67,"column":13}},"line":65},"4":{"name":"(anonymous_4)","decl":{"start":{"line":65,"column":10},"end":{"line":65,"column":15}},"loc":{"start":{"line":65,"column":26},"end":{"line":66,"column":null}},"line":65},"5":{"name":"(anonymous_5)","decl":{"start":{"line":66,"column":47},"end":{"line":66,"column":55}},"loc":{"start":{"line":66,"column":61},"end":{"line":66,"column":74}},"line":66},"6":{"name":"(anonymous_6)","decl":{"start":{"line":68,"column":8},"end":{"line":68,"column":28}},"loc":{"start":{"line":69,"column":10},"end":{"line":69,"column":67}},"line":69},"7":{"name":"(anonymous_7)","decl":{"start":{"line":70,"column":8},"end":{"line":70,"column":24}},"loc":{"start":{"line":70,"column":46},"end":{"line":70,"column":71}},"line":70},"8":{"name":"(anonymous_8)","decl":{"start":{"line":71,"column":8},"end":{"line":71,"column":30}},"loc":{"start":{"line":71,"column":52},"end":{"line":71,"column":83}},"line":71},"9":{"name":"(anonymous_9)","decl":{"start":{"line":73,"column":8},"end":{"line":73,"column":30}},"loc":{"start":{"line":73,"column":63},"end":{"line":73,"column":91}},"line":73},"10":{"name":"(anonymous_10)","decl":{"start":{"line":74,"column":8},"end":{"line":74,"column":26}},"loc":{"start":{"line":74,"column":42},"end":{"line":74,"column":75}},"line":74},"11":{"name":"(anonymous_11)","decl":{"start":{"line":75,"column":8},"end":{"line":75,"column":25}},"loc":{"start":{"line":75,"column":43},"end":{"line":75,"column":77}},"line":75},"12":{"name":"(anonymous_12)","decl":{"start":{"line":76,"column":8},"end":{"line":76,"column":23}},"loc":{"start":{"line":76,"column":39},"end":{"line":76,"column":69}},"line":76},"13":{"name":"(anonymous_13)","decl":{"start":{"line":77,"column":8},"end":{"line":77,"column":25}},"loc":{"start":{"line":77,"column":43},"end":{"line":77,"column":null}},"line":77},"14":{"name":"(anonymous_14)","decl":{"start":{"line":83,"column":6},"end":{"line":83,"column":19}},"loc":{"start":{"line":84,"column":8},"end":{"line":84,"column":86}},"line":84},"15":{"name":"(anonymous_15)","decl":{"start":{"line":84,"column":49},"end":{"line":84,"column":57}},"loc":{"start":{"line":84,"column":67},"end":{"line":84,"column":85}},"line":84},"16":{"name":"(anonymous_16)","decl":{"start":{"line":86,"column":15},"end":{"line":86,"column":39}},"loc":{"start":{"line":86,"column":39},"end":{"line":86,"column":null}},"line":86},"17":{"name":"(anonymous_17)","decl":{"start":{"line":92,"column":13},"end":{"line":92,"column":40}},"loc":{"start":{"line":92,"column":40},"end":{"line":92,"column":82}},"line":92},"18":{"name":"(anonymous_18)","decl":{"start":{"line":92,"column":40},"end":{"line":92,"column":58}},"loc":{"start":{"line":92,"column":68},"end":{"line":92,"column":82}},"line":92}},"branchMap":{},"s":{"0":6,"1":6,"2":0,"3":0,"4":0,"5":0,"6":0,"7":0,"8":0,"9":0,"10":0,"11":0,"12":0,"13":0,"14":0,"15":0,"16":0,"17":6,"18":6,"19":0,"20":0},"f":{"0":6,"1":0,"2":0,"3":0,"4":0,"5":0,"6":0,"7":0,"8":0,"9":0,"10":0,"11":0,"12":0,"13":0,"14":0,"15":0,"16":6,"17":0,"18":0},"b":{},"meta":{"lastBranch":0,"lastFunction":19,"lastStatement":21,"seen":{"s:44:13:88:Infinity":0,"f:45:2:45:Infinity":0,"s:46:14:79:Infinity":1,"f:60:8:60:26":1,"s:61:10:63:13":2,"f:61:10:61:15":2,"s:61:26:62:Infinity":3,"f:64:8:64:29":3,"s:65:10:67:13":4,"f:65:10:65:15":4,"s:65:26:66:Infinity":5,"f:66:47:66:55":5,"s:66:61:66:74":6,"f:68:8:68:28":6,"s:69:10:69:67":7,"f:70:8:70:24":7,"s:70:46:70:71":8,"f:71:8:71:30":8,"s:71:52:71:83":9,"f:73:8:73:30":9,"s:73:63:73:91":10,"f:74:8:74:26":10,"s:74:42:74:75":11,"f:75:8:75:25":11,"s:75:43:75:77":12,"f:76:8:76:23":12,"s:76:39:76:69":13,"f:77:8:77:25":13,"s:77:43:77:Infinity":14,"f:83:6:83:19":14,"s:84:8:84:86":15,"f:84:49:84:57":15,"s:84:67:84:85":16,"f:86:15:86:39":16,"s:86:39:86:Infinity":17,"s:92:13:92:82":18,"f:92:13:92:40":17,"s:92:40:92:82":19,"f:92:40:92:58":18,"s:92:68:92:82":20}}}
}
